Bringing machine 'app1' up with 'virtualbox' provider...
Bringing machine 'app2' up with 'virtualbox' provider...
Bringing machine 'lb1' up with 'virtualbox' provider...
==> app1: Importing base box 'puppetlabs/centos-7.0-64-nocm'...
[KProgress: 20%[KProgress: 30%[KProgress: 50%[KProgress: 70%[KProgress: 90%[K==> app1: Matching MAC address for NAT networking...
==> app1: Checking if box 'puppetlabs/centos-7.0-64-nocm' is up to date...
==> app1: Setting the name of the VM: ansible_go_deploy_app1_1461196393577_27345
==> app1: Clearing any previously set network interfaces...
==> app1: Preparing network interfaces based on configuration...
    app1: Adapter 1: nat
    app1: Adapter 2: hostonly
==> app1: Forwarding ports...
    app1: 8484 (guest) => 8001 (host) (adapter 1)
    app1: 22 (guest) => 2222 (host) (adapter 1)
==> app1: Running 'pre-boot' VM customizations...
==> app1: Booting VM...
==> app1: Waiting for machine to boot. This may take a few minutes...
    app1: SSH address: 127.0.0.1:2222
    app1: SSH username: vagrant
    app1: SSH auth method: private key
    app1: 
    app1: Vagrant insecure key detected. Vagrant will automatically replace
    app1: this with a newly generated keypair for better security.
    app1: 
    app1: Inserting generated public key within guest...
    app1: Removing insecure key from the guest if it's present...
    app1: Key inserted! Disconnecting and reconnecting using new SSH key...
==> app1: Machine booted and ready!
GuestAdditions versions on your host (5.0.18) and guest (4.3.22) do not match.
Loaded plugins: fastestmirror
Determining fastest mirrors
 * base: mirror.vorboss.net
 * extras: mirror.ox.ac.uk
 * updates: mirror.vorboss.net
Package 1:make-3.82-21.el7.x86_64 already installed and latest version
Resolving Dependencies
--> Running transaction check
---> Package bzip2.x86_64 0:1.0.6-12.el7 will be updated
---> Package bzip2.x86_64 0:1.0.6-13.el7 will be an update
--> Processing Dependency: bzip2-libs = 1.0.6-13.el7 for package: bzip2-1.0.6-13.el7.x86_64
---> Package gcc.x86_64 0:4.8.2-16.el7 will be updated
---> Package gcc.x86_64 0:4.8.5-4.el7 will be an update
--> Processing Dependency: libgomp = 4.8.5-4.el7 for package: gcc-4.8.5-4.el7.x86_64
--> Processing Dependency: cpp = 4.8.5-4.el7 for package: gcc-4.8.5-4.el7.x86_64
--> Processing Dependency: libgcc >= 4.8.5-4.el7 for package: gcc-4.8.5-4.el7.x86_64
---> Package perl.x86_64 4:5.16.3-283.el7 will be updated
---> Package perl.x86_64 4:5.16.3-286.el7 will be an update
--> Processing Dependency: perl-libs = 4:5.16.3-286.el7 for package: 4:perl-5.16.3-286.el7.x86_64
--> Processing Dependency: perl(Time::HiRes) for package: 4:perl-5.16.3-286.el7.x86_64
--> Running transaction check
---> Package bzip2-libs.x86_64 0:1.0.6-12.el7 will be updated
---> Package bzip2-libs.x86_64 0:1.0.6-13.el7 will be an update
---> Package cpp.x86_64 0:4.8.2-16.el7 will be updated
---> Package cpp.x86_64 0:4.8.5-4.el7 will be an update
---> Package libgcc.x86_64 0:4.8.2-16.el7 will be updated
---> Package libgcc.x86_64 0:4.8.5-4.el7 will be an update
---> Package libgomp.x86_64 0:4.8.2-16.el7 will be updated
---> Package libgomp.x86_64 0:4.8.5-4.el7 will be an update
---> Package perl-Time-HiRes.x86_64 4:1.9725-3.el7 will be installed
---> Package perl-libs.x86_64 4:5.16.3-283.el7 will be updated
---> Package perl-libs.x86_64 4:5.16.3-286.el7 will be an update
--> Finished Dependency Resolution

Dependencies Resolved

================================================================================
 Package                Arch          Version                 Repository   Size
================================================================================
Updating:
 bzip2                  x86_64        1.0.6-13.el7            base         52 k
 gcc                    x86_64        4.8.5-4.el7             base         16 M
 perl                   x86_64        4:5.16.3-286.el7        base        8.0 M
Installing for dependencies:
 perl-Time-HiRes        x86_64        4:1.9725-3.el7          base         45 k
Updating for dependencies:
 bzip2-libs             x86_64        1.0.6-13.el7            base         40 k
 cpp                    x86_64        4.8.5-4.el7             base        5.9 M
 libgcc                 x86_64        4.8.5-4.el7             base         95 k
 libgomp                x86_64        4.8.5-4.el7             base        130 k
 perl-libs              x86_64        4:5.16.3-286.el7        base        687 k

Transaction Summary
================================================================================
Install             ( 1 Dependent package)
Upgrade  3 Packages (+5 Dependent packages)

Total download size: 31 M
Downloading packages:
Delta RPMs disabled because /usr/bin/applydeltarpm not installed.
Public key for bzip2-1.0.6-13.el7.x86_64.rpm is not installed
warning: /var/cache/yum/x86_64/7/base/packages/bzip2-1.0.6-13.el7.x86_64.rpm: Header V3 RSA/SHA256 Signature, key ID f4a80eb5: NOKEY
http://www.mirrorservice.org/sites/mirror.centos.org/7.2.1511/os/x86_64/Packages/bzip2-libs-1.0.6-13.el7.x86_64.rpm: [Errno 12] Timeout on http://www.mirrorservice.org/sites/mirror.centos.org/7.2.1511/os/x86_64/Packages/bzip2-libs-1.0.6-13.el7.x86_64.rpm: (28, 'Operation too slow. Less than 1000 bytes/sec transferred the last 30 seconds')
Trying other mirror.
--------------------------------------------------------------------------------
Total                                              968 kB/s |  31 MB  00:32     
Retrieving key from file:///etc/pki/rpm-gpg/RPM-GPG-KEY-CentOS-7
Importing GPG key 0xF4A80EB5:
 Userid     : "CentOS-7 Key (CentOS 7 Official Signing Key) <security@centos.org>"
 Fingerprint: 6341 ab27 53d7 8a78 a7c2 7bb1 24c6 a8a7 f4a8 0eb5
 Package    : centos-release-7-0.1406.el7.centos.2.3.x86_64 (@anaconda)
 From       : /etc/pki/rpm-gpg/RPM-GPG-KEY-CentOS-7
Running transaction check
Running transaction test
Transaction test succeeded
Running transaction
  Installing : 4:perl-Time-HiRes-1.9725-3.el7.x86_64                       1/17 
  Updating   : 4:perl-libs-5.16.3-286.el7.x86_64                           2/17 
  Updating   : 4:perl-5.16.3-286.el7.x86_64                                3/17 
  Updating   : libgomp-4.8.5-4.el7.x86_64                                  4/17 
  Updating   : libgcc-4.8.5-4.el7.x86_64                                   5/17 
  Updating   : bzip2-libs-1.0.6-13.el7.x86_64                              6/17 
  Updating   : cpp-4.8.5-4.el7.x86_64                                      7/17 
  Updating   : gcc-4.8.5-4.el7.x86_64                                      8/17 
  Updating   : bzip2-1.0.6-13.el7.x86_64                                   9/17 
  Cleanup    : gcc-4.8.2-16.el7.x86_64                                    10/17 
  Cleanup    : 4:perl-libs-5.16.3-283.el7.x86_64                          11/17 
  Cleanup    : 4:perl-5.16.3-283.el7.x86_64                               12/17 
  Cleanup    : bzip2-1.0.6-12.el7.x86_64                                  13/17 
  Cleanup    : bzip2-libs-1.0.6-12.el7.x86_64                             14/17 
  Cleanup    : cpp-4.8.2-16.el7.x86_64                                    15/17 
  Cleanup    : libgcc-4.8.2-16.el7.x86_64                                 16/17 
  Cleanup    : libgomp-4.8.2-16.el7.x86_64                                17/17 
  Verifying  : gcc-4.8.5-4.el7.x86_64                                      1/17 
  Verifying  : bzip2-1.0.6-13.el7.x86_64                                   2/17 
  Verifying  : cpp-4.8.5-4.el7.x86_64                                      3/17 
  Verifying  : 4:perl-5.16.3-286.el7.x86_64                                4/17 
  Verifying  : bzip2-libs-1.0.6-13.el7.x86_64                              5/17 
  Verifying  : libgcc-4.8.5-4.el7.x86_64                                   6/17 
  Verifying  : 4:perl-Time-HiRes-1.9725-3.el7.x86_64                       7/17 
  Verifying  : libgomp-4.8.5-4.el7.x86_64                                  8/17 
  Verifying  : 4:perl-libs-5.16.3-286.el7.x86_64                           9/17 
  Verifying  : 4:perl-5.16.3-283.el7.x86_64                               10/17 
  Verifying  : bzip2-libs-1.0.6-12.el7.x86_64                             11/17 
  Verifying  : libgomp-4.8.2-16.el7.x86_64                                12/17 
  Verifying  : cpp-4.8.2-16.el7.x86_64                                    13/17 
  Verifying  : libgcc-4.8.2-16.el7.x86_64                                 14/17 
  Verifying  : 4:perl-libs-5.16.3-283.el7.x86_64                          15/17 
  Verifying  : gcc-4.8.2-16.el7.x86_64                                    16/17 
  Verifying  : bzip2-1.0.6-12.el7.x86_64                                  17/17 

Dependency Installed:
  perl-Time-HiRes.x86_64 4:1.9725-3.el7                                         

Updated:
  bzip2.x86_64 0:1.0.6-13.el7              gcc.x86_64 0:4.8.5-4.el7            
  perl.x86_64 4:5.16.3-286.el7            

Dependency Updated:
  bzip2-libs.x86_64 0:1.0.6-13.el7          cpp.x86_64 0:4.8.5-4.el7            
  libgcc.x86_64 0:4.8.5-4.el7               libgomp.x86_64 0:4.8.5-4.el7        
  perl-libs.x86_64 4:5.16.3-286.el7        

Complete!
Copy iso file /usr/share/virtualbox/VBoxGuestAdditions.iso into the box /tmp/VBoxGuestAdditions.iso
mount: /dev/loop0 is write-protected, mounting read-only
Installing Virtualbox Guest Additions 5.0.18 - guest version is 4.3.22
Verifying archive integrity... All good.
Uncompressing VirtualBox 5.0.18 Guest Additions for Linux............
VirtualBox Guest Additions installer
Removing installed version 4.3.22 of VirtualBox Guest Additions...
Copying additional installer modules ...
Installing additional modules ...
Removing existing VirtualBox non-DKMS kernel modules[  OK  ]
Building the VirtualBox Guest Additions kernel modules
Building the main Guest Additions module[  OK  ]
Building the shared folder support module[  OK  ]
Building the graphics driver module[  OK  ]
Doing non-kernel setup of the Guest Additions[  OK  ]
You should restart your guest to make sure the new modules are actually used

Restarting VM to apply changes...
==> app1: Attempting graceful shutdown of VM...
==> app1: Booting VM...
==> app1: Waiting for machine to boot. This may take a few minutes...
    app1: SSH address: 127.0.0.1:2222
    app1: SSH username: vagrant
    app1: SSH auth method: private key
==> app1: Machine booted and ready!
==> app1: Checking for guest additions in VM...
==> app1: [vagrant-hostsupdater] Checking for host entries
==> app1: [vagrant-hostsupdater] Writing the following entries to (/etc/hosts)
==> app1: [vagrant-hostsupdater]   192.168.100.101  app1.ev9.io  # VAGRANT: 3f7e65076483feb9245f97f053a409aa (app1) / 62101876-1b96-4230-bb42-afd70229f6c6
==> app1: [vagrant-hostsupdater] This operation requires administrative access. You may skip it by manually adding equivalent entries to the hosts file.
==> app1: Setting hostname...
==> app1: Configuring and enabling network interfaces...
==> app1: Mounting shared folders...
    app1: /opt/vagrant => /opt/data/projects/ansible_go_deploy
==> app1: Running provisioner: shell...
    app1: Running: /tmp/vagrant-shell20160421-5492-ggbt4x.sh
==> app1: Running bootstrap
==> app1: Installing package dependencies
==> app1: warning: /var/tmp/rpm-tmp.clWnq9: Header V3 RSA/SHA256 Signature, key ID 352c64e5: NOKEY
==> app1: Retrieving http://dl.fedoraproject.org/pub/epel/7/x86_64/e/epel-release-7-6.noarch.rpm
==> app1: Preparing...                          
==> app1: ########################################
==> app1: Updating / installing...
==> app1: epel-release-7-6                      #####
==> app1: ###################################
==> app1: Loaded plugins: fastestmirror
==> app1: Loading mirror speeds from cached hostfile
==> app1:  * base: mirror.vorboss.net
==> app1:  * epel: epel.check-update.co.uk
==> app1:  * extras: mirror.ox.ac.uk
==> app1:  * updates: mirror.vorboss.net
==> app1: Resolving Dependencies
==> app1: --> Running transaction check
==> app1: ---> Package python-devel.x86_64 0:2.7.5-34.el7 will be installed
==> app1: --> Processing Dependency: python(x86-64) = 2.7.5-34.el7 for package: python-devel-2.7.5-34.el7.x86_64
==> app1: ---> Package python-pip.noarch 0:7.1.0-1.el7 will be installed
==> app1: --> Running transaction check
==> app1: ---> Package python.x86_64 0:2.7.5-16.el7 will be updated
==> app1: ---> Package python.x86_64 0:2.7.5-34.el7 will be an update
==> app1: --> Processing Dependency: python-libs(x86-64) = 2.7.5-34.el7 for package: python-2.7.5-34.el7.x86_64
==> app1: --> Running transaction check
==> app1: ---> Package python-libs.x86_64 0:2.7.5-16.el7 will be updated
==> app1: ---> Package python-libs.x86_64 0:2.7.5-34.el7 will be an update
==> app1: --> Finished Dependency Resolution
==> app1: 
==> app1: Dependencies Resolved
==> app1: 
==> app1: ================================================================================
==> app1:  Package              Arch           Version                 Repository    Size
==> app1: ================================================================================
==> app1: Installing:
==> app1:  python-devel         x86_64         2.7.5-34.el7            base         391 k
==> app1:  python-pip           noarch         7.1.0-1.el7             epel         1.5 M
==> app1: Updating for dependencies:
==> app1:  python               x86_64         2.7.5-34.el7            base          88 k
==> app1:  python-libs          x86_64         2.7.5-34.el7            base         5.6 M
==> app1: 
==> app1: Transaction Summary
==> app1: ================================================================================
==> app1: Install  2 Packages
==> app1: Upgrade             ( 2 Dependent packages)
==> app1: 
==> app1: Total download size: 7.6 M
==> app1: Downloading packages:
==> app1: Delta RPMs disabled because /usr/bin/applydeltarpm not installed.
==> app1: Public key for python-pip-7.1.0-1.el7.noarch.rpm is not installed
==> app1: warning: /var/cache/yum/x86_64/7/epel/packages/python-pip-7.1.0-1.el7.noarch.rpm: Header V3 RSA/SHA256 Signature, key ID 352c64e5: NOKEY
==> app1: --------------------------------------------------------------------------------
==> app1: Total                                              2.3 MB/s | 7.6 MB  00:03     
==> app1: Retrieving key from file:///etc/pki/rpm-gpg/RPM-GPG-KEY-EPEL-7
==> app1: Importing GPG key 0x352C64E5:
==> app1:  Userid     : "Fedora EPEL (7) <epel@fedoraproject.org>"
==> app1:  Fingerprint: 91e9 7d7c 4a5e 96f1 7f3e 888f 6a2f aea2 352c 64e5
==> app1:  Package    : epel-release-7-6.noarch (installed)
==> app1:  From       : /etc/pki/rpm-gpg/RPM-GPG-KEY-EPEL-7
==> app1: Running transaction check
==> app1: Running transaction test
==> app1: Transaction test succeeded
==> app1: Running transaction
==> app1: Warning: RPMDB altered outside of yum.
==> app1:   Updating   : python-libs-2.7.5-34.el7.x86_64                              1/6
==> app1:  
==> app1:   Updating   : python-2.7.5-34.el7.x86_64                                   2/6
==> app1:  
==> app1:   Installing : python-devel-2.7.5-34.el7.x86_64                             3/6
==> app1:  
==> app1:   Installing : python-pip-7.1.0-1.el7.noarch                                4/6
==> app1:  
==> app1:   Cleanup    : python-2.7.5-16.el7.x86_64                                   5/6
==> app1:  
==> app1:   Cleanup    : python-libs-2.7.5-16.el7.x86_64                              6/6
==> app1:  
==> app1:   Verifying  : python-devel-2.7.5-34.el7.x86_64                             1/6
==> app1:  
==> app1:   Verifying  : python-2.7.5-34.el7.x86_64                                   2/6
==> app1:  
==> app1:   Verifying  : python-libs-2.7.5-34.el7.x86_64                              3/6
==> app1:  
==> app1:   Verifying  : python-pip-7.1.0-1.el7.noarch                                4/6
==> app1:  
==> app1:   Verifying  : python-2.7.5-16.el7.x86_64                                   5/6 
==> app1:   Verifying  : python-libs-2.7.5-16.el7.x86_64                              6/6
==> app1:  
==> app1: 
==> app1: Installed:
==> app1:   python-devel.x86_64 0:2.7.5-34.el7       python-pip.noarch 0:7.1.0-1.el7      
==> app1: 
==> app1: Dependency Updated:
==> app1:   python.x86_64 0:2.7.5-34.el7         python-libs.x86_64 0:2.7.5-34.el7        
==> app1: 
==> app1: Complete!
==> app1: You are using pip version 7.1.0, however version 8.1.1 is available.
==> app1: You should consider upgrading via the 'pip install --upgrade pip' command.
==> app1: Collecting ansible==1.9.2
==> app1:   Downloading ansible-1.9.2.tar.gz (927kB)
==> app1: Collecting paramiko (from ansible==1.9.2)
==> app1:   Downloading paramiko-1.16.0-py2.py3-none-any.whl (169kB)
==> app1: Collecting jinja2 (from ansible==1.9.2)
==> app1:   Downloading Jinja2-2.8-py2.py3-none-any.whl (263kB)
==> app1: Collecting PyYAML (from ansible==1.9.2)
==> app1:   Downloading PyYAML-3.11.zip (371kB)
==> app1: Requirement already satisfied (use --upgrade to upgrade): setuptools in /usr/lib/python2.7/site-packages (from ansible==1.9.2)
==> app1: Collecting pycrypto>=2.6 (from ansible==1.9.2)
==> app1:   Downloading pycrypto-2.6.1.tar.gz (446kB)
==> app1: Collecting ecdsa>=0.11 (from paramiko->ansible==1.9.2)
==> app1:   Downloading ecdsa-0.13-py2.py3-none-any.whl (86kB)
==> app1: Collecting MarkupSafe (from jinja2->ansible==1.9.2)
==> app1:   Downloading MarkupSafe-0.23.tar.gz
==> app1: Installing collected packages: ecdsa, pycrypto, paramiko, MarkupSafe, jinja2, PyYAML, ansible
==> app1:   Running setup.py install for pycrypto
==> app1:   Running setup.py install for MarkupSafe
==> app1:   Running setup.py install for PyYAML
==> app1:   Running setup.py install for ansible
==> app1: Successfully installed MarkupSafe-0.23 PyYAML-3.11 ansible-1.9.2 ecdsa-0.13 jinja2-2.8 paramiko-1.16.0 pycrypto-2.6.1
==> app1: Loaded plugins: fastestmirror
==> app1: Cleaning repos: base epel extras updates
==> app1: Cleaning up everything
==> app1: Cleaning up list of fastest mirrors
==> app1: Loaded plugins: fastestmirror
==> app1: Determining fastest mirrors
==> app1:  * base: mirror.vorboss.net
==> app1:  * epel: mirror0.babylon.network
==> app1:  * extras: mirrors.clouvider.net
==> app1:  * updates: mirror.vorboss.net
==> app1: Metadata Cache Created
==> app1: Running provisioner: ansible_local...
==> app1: Vagrant has detected a host range pattern in the `groups` option.
==> app1: Vagrant doesn't fully check the validity of these parameters!
==> app1: 
==> app1: Please check https://docs.ansible.com/ansible/intro_inventory.html#hosts-and-groups
==> app1: for more information.
    app1: Running ansible-playbook...
cd /opt/vagrant/ansible && PYTHONUNBUFFERED=1 ANSIBLE_NOCOLOR=true ansible-playbook --limit='app1' --inventory-file=/tmp/vagrant-ansible/inventory -v playbook.yaml

PLAY [lb] ********************************************************************* 
skipping: no hosts matched

PLAY [app] ******************************************************************** 

GATHERING FACTS *************************************************************** 
ok: [app1]

TASK: [common | configure resolv.conf] **************************************** 
changed: [app1] => (item={'key': 'dns', 'value': {'domain': 'ev9.io', 'search': 'ev9.io', 'resolver': ['4.2.2.1', '8.8.8.8']}}) => {"changed": true, "checksum": "220908f6f775e9bb589100053a7e7cbb467728fc", "dest": "/etc/resolv.conf", "gid": 0, "group": "root", "item": {"key": "dns", "value": {"domain": "ev9.io", "resolver": ["4.2.2.1", "8.8.8.8"], "search": "ev9.io"}}, "md5sum": "3208653f267a863c09b83353d530d8df", "mode": "0644", "owner": "root", "size": 67, "src": "/home/vagrant/.ansible/tmp/ansible-tmp-1461196617.98-35871828187896/source", "state": "file", "uid": 0}

TASK: [common | add epel repo] ************************************************ 
ok: [app1] => {"changed": false, "msg": "", "rc": 0, "results": ["http://dl.fedoraproject.org/pub/epel/7/x86_64/e/epel-release-7-6.noarch.rpm: Nothing to do"]}

TASK: [common | install required base packages] ******************************* 
changed: [app1] => (item=wget,curl,vim-enhanced,yum-utils,deltarpm,lsof) => {"changed": true, "item": "wget,curl,vim-enhanced,yum-utils,deltarpm,lsof", "msg": "", "rc": 0, "results": ["wget-1.14-10.el7.x86_64 providing wget is already installed", "curl-7.29.0-19.el7.x86_64 providing curl is already installed", "yum-utils-1.1.31-34.el7.noarch providing yum-utils is already installed", "Loaded plugins: fastestmirror\nLoading mirror speeds from cached hostfile\n * base: mirror.vorboss.net\n * epel: mirror0.babylon.network\n * extras: mirrors.clouvider.net\n * updates: mirror.vorboss.net\nResolving Dependencies\n--> Running transaction check\n---> Package deltarpm.x86_64 0:3.6-3.el7 will be installed\n---> Package lsof.x86_64 0:4.87-4.el7 will be installed\n---> Package vim-enhanced.x86_64 2:7.4.160-1.el7 will be installed\n--> Processing Dependency: vim-common = 2:7.4.160-1.el7 for package: 2:vim-enhanced-7.4.160-1.el7.x86_64\n--> Processing Dependency: libgpm.so.2()(64bit) for package: 2:vim-enhanced-7.4.160-1.el7.x86_64\n--> Running transaction check\n---> Package gpm-libs.x86_64 0:1.20.7-5.el7 will be installed\n---> Package vim-common.x86_64 2:7.4.160-1.el7 will be installed\n--> Processing Dependency: vim-filesystem for package: 2:vim-common-7.4.160-1.el7.x86_64\n--> Running transaction check\n---> Package vim-filesystem.x86_64 2:7.4.160-1.el7 will be installed\n--> Finished Dependency Resolution\n\nDependencies Resolved\n\n================================================================================\n Package               Arch          Version                  Repository   Size\n================================================================================\nInstalling:\n deltarpm              x86_64        3.6-3.el7                base         82 k\n lsof                  x86_64        4.87-4.el7               base        331 k\n vim-enhanced          x86_64        2:7.4.160-1.el7          base        1.0 M\nInstalling for dependencies:\n gpm-libs              x86_64        1.20.7-5.el7             base         32 k\n vim-common            x86_64        2:7.4.160-1.el7          base        5.9 M\n vim-filesystem        x86_64        2:7.4.160-1.el7          base        9.6 k\n\nTransaction Summary\n================================================================================\nInstall  3 Packages (+3 Dependent packages)\n\nTotal download size: 7.4 M\nInstalled size: 24 M\nDownloading packages:\n--------------------------------------------------------------------------------\nTotal                                              5.1 MB/s | 7.4 MB  00:01     \nRunning transaction check\nRunning transaction test\nTransaction test succeeded\nRunning transaction\n  Installing : gpm-libs-1.20.7-5.el7.x86_64                                 1/6 \n  Installing : 2:vim-filesystem-7.4.160-1.el7.x86_64                        2/6 \n  Installing : 2:vim-common-7.4.160-1.el7.x86_64                            3/6 \n  Installing : 2:vim-enhanced-7.4.160-1.el7.x86_64                          4/6 \n  Installing : deltarpm-3.6-3.el7.x86_64                                    5/6 \n  Installing : lsof-4.87-4.el7.x86_64                                       6/6 \n  Verifying  : 2:vim-common-7.4.160-1.el7.x86_64                            1/6 \n  Verifying  : 2:vim-filesystem-7.4.160-1.el7.x86_64                        2/6 \n  Verifying  : 2:vim-enhanced-7.4.160-1.el7.x86_64                          3/6 \n  Verifying  : lsof-4.87-4.el7.x86_64                                       4/6 \n  Verifying  : deltarpm-3.6-3.el7.x86_64                                    5/6 \n  Verifying  : gpm-libs-1.20.7-5.el7.x86_64                                 6/6 \n\nInstalled:\n  deltarpm.x86_64 0:3.6-3.el7                  lsof.x86_64 0:4.87-4.el7         \n  vim-enhanced.x86_64 2:7.4.160-1.el7         \n\nDependency Installed:\n  gpm-libs.x86_64 0:1.20.7-5.el7           vim-common.x86_64 2:7.4.160-1.el7   \n  vim-filesystem.x86_64 2:7.4.160-1.el7   \n\nComplete!\n"]}

TASK: [app | install golang] ************************************************** 
changed: [app1] => {"changed": true, "msg": "", "rc": 0, "results": ["Loaded plugins: fastestmirror\nLoading mirror speeds from cached hostfile\n * base: mirror.vorboss.net\n * epel: mirror0.babylon.network\n * extras: mirrors.clouvider.net\n * updates: mirror.vorboss.net\nResolving Dependencies\n--> Running transaction check\n---> Package golang.x86_64 0:1.4.2-9.el7 will be installed\n--> Processing Dependency: golang-src = 1.4.2-9.el7 for package: golang-1.4.2-9.el7.x86_64\n--> Processing Dependency: golang-bin for package: golang-1.4.2-9.el7.x86_64\n--> Running transaction check\n---> Package golang-pkg-bin-linux-amd64.x86_64 0:1.4.2-9.el7 will be installed\n--> Processing Dependency: golang-pkg-linux-amd64 = 1.4.2-9.el7 for package: golang-pkg-bin-linux-amd64-1.4.2-9.el7.x86_64\n--> Processing Dependency: golang-pkg-linux-amd64 = 1.4.2-9.el7 for package: golang-pkg-bin-linux-amd64-1.4.2-9.el7.x86_64\n---> Package golang-src.noarch 0:1.4.2-9.el7 will be installed\n--> Running transaction check\n---> Package golang-pkg-linux-amd64.noarch 0:1.4.2-9.el7 will be installed\n--> Finished Dependency Resolution\n\nDependencies Resolved\n\n================================================================================\n Package                         Arch        Version            Repository\n                                                                           Size\n================================================================================\nInstalling:\n golang                          x86_64      1.4.2-9.el7        base      3.0 M\nInstalling for dependencies:\n golang-pkg-bin-linux-amd64      x86_64      1.4.2-9.el7        base       14 M\n golang-pkg-linux-amd64          noarch      1.4.2-9.el7        base      7.2 M\n golang-src                      noarch      1.4.2-9.el7        base      5.8 M\n\nTransaction Summary\n================================================================================\nInstall  1 Package (+3 Dependent packages)\n\nTotal download size: 30 M\nInstalled size: 138 M\nDownloading packages:\n--------------------------------------------------------------------------------\nTotal                                              5.5 MB/s |  30 MB  00:05     \nRunning transaction check\nRunning transaction test\nTransaction test succeeded\nRunning transaction\n  Installing : golang-src-1.4.2-9.el7.noarch                                1/4 \n  Installing : golang-pkg-linux-amd64-1.4.2-9.el7.noarch                    2/4 \n  Installing : golang-1.4.2-9.el7.x86_64                                    3/4 \n  Installing : golang-pkg-bin-linux-amd64-1.4.2-9.el7.x86_64                4/4 \n  Verifying  : golang-pkg-bin-linux-amd64-1.4.2-9.el7.x86_64                1/4 \n  Verifying  : golang-pkg-linux-amd64-1.4.2-9.el7.noarch                    2/4 \n  Verifying  : golang-src-1.4.2-9.el7.noarch                                3/4 \n  Verifying  : golang-1.4.2-9.el7.x86_64                                    4/4 \n\nInstalled:\n  golang.x86_64 0:1.4.2-9.el7                                                   \n\nDependency Installed:\n  golang-pkg-bin-linux-amd64.x86_64 0:1.4.2-9.el7                               \n  golang-pkg-linux-amd64.noarch 0:1.4.2-9.el7                                   \n  golang-src.noarch 0:1.4.2-9.el7                                               \n\nComplete!\n"]}

TASK: [app | create app dir] ************************************************** 
changed: [app1] => {"changed": true, "gid": 0, "group": "root", "mode": "0755", "owner": "root", "path": "/opt/app", "size": 6, "state": "directory", "uid": 0}

TASK: [app | copy app code] *************************************************** 
changed: [app1] => {"changed": true, "checksum": "7ab196c14947464f74ae6005dcf7446d1226c307", "dest": "/opt/app/app.go", "gid": 0, "group": "root", "md5sum": "6c9abf24285707674056c9c4ad0f5026", "mode": "0750", "owner": "root", "size": 274, "src": "/home/vagrant/.ansible/tmp/ansible-tmp-1461196641.29-117932350781885/source", "state": "file", "uid": 0}

TASK: [app | compile the code] ************************************************ 
changed: [app1] => {"changed": true, "cmd": ["go", "build", "/opt/app/app.go"], "delta": "0:00:00.530610", "end": "2016-04-20 23:57:21.959926", "rc": 0, "start": "2016-04-20 23:57:21.429316", "stderr": "", "stdout": "", "warnings": []}

TASK: [app | create systemd file] ********************************************* 
changed: [app1] => {"changed": true, "checksum": "1aa35819f933365db91bc4fc2be5c07451a16d97", "dest": "/usr/lib/systemd/system/app.service", "gid": 0, "group": "root", "md5sum": "01b6e374546d53c2c32b1e7690ace769", "mode": "0755", "owner": "root", "size": 206, "src": "/home/vagrant/.ansible/tmp/ansible-tmp-1461196642.02-134380698563486/source", "state": "file", "uid": 0}

TASK: [app | reload systemd] ************************************************** 
changed: [app1] => {"changed": true, "cmd": ["systemctl", "daemon-reload"], "delta": "0:00:00.076701", "end": "2016-04-20 23:57:22.234757", "rc": 0, "start": "2016-04-20 23:57:22.158056", "stderr": "", "stdout": "", "warnings": []}

TASK: [app | start app] ******************************************************* 
changed: [app1] => {"changed": true, "enabled": true, "name": "app", "state": "started"}

TASK: [app | open firewall port 8484] ***************************************** 
changed: [app1] => (item=firewall-cmd --permanent --zone=public --add-port=8484/tcp) => {"changed": true, "cmd": ["firewall-cmd", "--permanent", "--zone=public", "--add-port=8484/tcp"], "delta": "0:00:00.186442", "end": "2016-04-20 23:57:22.759704", "item": "firewall-cmd --permanent --zone=public --add-port=8484/tcp", "rc": 0, "start": "2016-04-20 23:57:22.573262", "stderr": "", "stdout": "success", "warnings": []}
changed: [app1] => (item=firewall-cmd --reload) => {"changed": true, "cmd": ["firewall-cmd", "--reload"], "delta": "0:00:00.747557", "end": "2016-04-20 23:57:23.582947", "item": "firewall-cmd --reload", "rc": 0, "start": "2016-04-20 23:57:22.835390", "stderr": "", "stdout": "success", "warnings": []}

PLAY RECAP ******************************************************************** 
app1                       : ok=12   changed=10   unreachable=0    failed=0   

==> app2: Importing base box 'puppetlabs/centos-7.0-64-nocm'...
[KProgress: 20%[KProgress: 30%[KProgress: 50%[KProgress: 60%[KProgress: 70%[KProgress: 90%[K==> app2: Matching MAC address for NAT networking...
==> app2: Checking if box 'puppetlabs/centos-7.0-64-nocm' is up to date...
==> app2: Setting the name of the VM: ansible_go_deploy_app2_1461196655014_47714
==> app2: Fixed port collision for 22 => 2222. Now on port 2200.
==> app2: Clearing any previously set network interfaces...
==> app2: Preparing network interfaces based on configuration...
    app2: Adapter 1: nat
    app2: Adapter 2: hostonly
==> app2: Forwarding ports...
    app2: 8484 (guest) => 8002 (host) (adapter 1)
    app2: 22 (guest) => 2200 (host) (adapter 1)
==> app2: Running 'pre-boot' VM customizations...
==> app2: Booting VM...
==> app2: Waiting for machine to boot. This may take a few minutes...
    app2: SSH address: 127.0.0.1:2200
    app2: SSH username: vagrant
    app2: SSH auth method: private key
    app2: 
    app2: Vagrant insecure key detected. Vagrant will automatically replace
    app2: this with a newly generated keypair for better security.
    app2: 
    app2: Inserting generated public key within guest...
    app2: Removing insecure key from the guest if it's present...
    app2: Key inserted! Disconnecting and reconnecting using new SSH key...
==> app2: Machine booted and ready!
GuestAdditions versions on your host (5.0.18) and guest (4.3.22) do not match.
Loaded plugins: fastestmirror
Determining fastest mirrors
 * base: mirror.vorboss.net
 * extras: mirror.ox.ac.uk
 * updates: mirror.vorboss.net
Package 1:make-3.82-21.el7.x86_64 already installed and latest version
Resolving Dependencies
--> Running transaction check
---> Package bzip2.x86_64 0:1.0.6-12.el7 will be updated
---> Package bzip2.x86_64 0:1.0.6-13.el7 will be an update
--> Processing Dependency: bzip2-libs = 1.0.6-13.el7 for package: bzip2-1.0.6-13.el7.x86_64
---> Package gcc.x86_64 0:4.8.2-16.el7 will be updated
---> Package gcc.x86_64 0:4.8.5-4.el7 will be an update
--> Processing Dependency: libgomp = 4.8.5-4.el7 for package: gcc-4.8.5-4.el7.x86_64
--> Processing Dependency: cpp = 4.8.5-4.el7 for package: gcc-4.8.5-4.el7.x86_64
--> Processing Dependency: libgcc >= 4.8.5-4.el7 for package: gcc-4.8.5-4.el7.x86_64
---> Package perl.x86_64 4:5.16.3-283.el7 will be updated
---> Package perl.x86_64 4:5.16.3-286.el7 will be an update
--> Processing Dependency: perl-libs = 4:5.16.3-286.el7 for package: 4:perl-5.16.3-286.el7.x86_64
--> Processing Dependency: perl(Time::HiRes) for package: 4:perl-5.16.3-286.el7.x86_64
--> Running transaction check
---> Package bzip2-libs.x86_64 0:1.0.6-12.el7 will be updated
---> Package bzip2-libs.x86_64 0:1.0.6-13.el7 will be an update
---> Package cpp.x86_64 0:4.8.2-16.el7 will be updated
---> Package cpp.x86_64 0:4.8.5-4.el7 will be an update
---> Package libgcc.x86_64 0:4.8.2-16.el7 will be updated
---> Package libgcc.x86_64 0:4.8.5-4.el7 will be an update
---> Package libgomp.x86_64 0:4.8.2-16.el7 will be updated
---> Package libgomp.x86_64 0:4.8.5-4.el7 will be an update
---> Package perl-Time-HiRes.x86_64 4:1.9725-3.el7 will be installed
---> Package perl-libs.x86_64 4:5.16.3-283.el7 will be updated
---> Package perl-libs.x86_64 4:5.16.3-286.el7 will be an update
--> Finished Dependency Resolution

Dependencies Resolved

================================================================================
 Package                Arch          Version                 Repository   Size
================================================================================
Updating:
 bzip2                  x86_64        1.0.6-13.el7            base         52 k
 gcc                    x86_64        4.8.5-4.el7             base         16 M
 perl                   x86_64        4:5.16.3-286.el7        base        8.0 M
Installing for dependencies:
 perl-Time-HiRes        x86_64        4:1.9725-3.el7          base         45 k
Updating for dependencies:
 bzip2-libs             x86_64        1.0.6-13.el7            base         40 k
 cpp                    x86_64        4.8.5-4.el7             base        5.9 M
 libgcc                 x86_64        4.8.5-4.el7             base         95 k
 libgomp                x86_64        4.8.5-4.el7             base        130 k
 perl-libs              x86_64        4:5.16.3-286.el7        base        687 k

Transaction Summary
================================================================================
Install             ( 1 Dependent package)
Upgrade  3 Packages (+5 Dependent packages)

Total download size: 31 M
Downloading packages:
Delta RPMs disabled because /usr/bin/applydeltarpm not installed.
Public key for bzip2-1.0.6-13.el7.x86_64.rpm is not installed
warning: /var/cache/yum/x86_64/7/base/packages/bzip2-1.0.6-13.el7.x86_64.rpm: Header V3 RSA/SHA256 Signature, key ID f4a80eb5: NOKEY
--------------------------------------------------------------------------------
Total                                              5.5 MB/s |  31 MB  00:05     
Retrieving key from file:///etc/pki/rpm-gpg/RPM-GPG-KEY-CentOS-7
Importing GPG key 0xF4A80EB5:
 Userid     : "CentOS-7 Key (CentOS 7 Official Signing Key) <security@centos.org>"
 Fingerprint: 6341 ab27 53d7 8a78 a7c2 7bb1 24c6 a8a7 f4a8 0eb5
 Package    : centos-release-7-0.1406.el7.centos.2.3.x86_64 (@anaconda)
 From       : /etc/pki/rpm-gpg/RPM-GPG-KEY-CentOS-7
Running transaction check
Running transaction test
Transaction test succeeded
Running transaction
  Installing : 4:perl-Time-HiRes-1.9725-3.el7.x86_64                       1/17 
  Updating   : 4:perl-libs-5.16.3-286.el7.x86_64                           2/17 
  Updating   : 4:perl-5.16.3-286.el7.x86_64                                3/17 
  Updating   : libgomp-4.8.5-4.el7.x86_64                                  4/17 
  Updating   : libgcc-4.8.5-4.el7.x86_64                                   5/17 
  Updating   : bzip2-libs-1.0.6-13.el7.x86_64                              6/17 
  Updating   : cpp-4.8.5-4.el7.x86_64                                      7/17 
  Updating   : gcc-4.8.5-4.el7.x86_64                                      8/17 
  Updating   : bzip2-1.0.6-13.el7.x86_64                                   9/17 
  Cleanup    : gcc-4.8.2-16.el7.x86_64                                    10/17 
  Cleanup    : 4:perl-libs-5.16.3-283.el7.x86_64                          11/17 
  Cleanup    : 4:perl-5.16.3-283.el7.x86_64                               12/17 
  Cleanup    : bzip2-1.0.6-12.el7.x86_64                                  13/17 
  Cleanup    : bzip2-libs-1.0.6-12.el7.x86_64                             14/17 
  Cleanup    : cpp-4.8.2-16.el7.x86_64                                    15/17 
  Cleanup    : libgcc-4.8.2-16.el7.x86_64                                 16/17 
  Cleanup    : libgomp-4.8.2-16.el7.x86_64                                17/17 
  Verifying  : gcc-4.8.5-4.el7.x86_64                                      1/17 
  Verifying  : bzip2-1.0.6-13.el7.x86_64                                   2/17 
  Verifying  : cpp-4.8.5-4.el7.x86_64                                      3/17 
  Verifying  : 4:perl-5.16.3-286.el7.x86_64                                4/17 
  Verifying  : bzip2-libs-1.0.6-13.el7.x86_64                              5/17 
  Verifying  : libgcc-4.8.5-4.el7.x86_64                                   6/17 
  Verifying  : 4:perl-Time-HiRes-1.9725-3.el7.x86_64                       7/17 
  Verifying  : libgomp-4.8.5-4.el7.x86_64                                  8/17 
  Verifying  : 4:perl-libs-5.16.3-286.el7.x86_64                           9/17 
  Verifying  : 4:perl-5.16.3-283.el7.x86_64                               10/17 
  Verifying  : bzip2-libs-1.0.6-12.el7.x86_64                             11/17 
  Verifying  : libgomp-4.8.2-16.el7.x86_64                                12/17 
  Verifying  : cpp-4.8.2-16.el7.x86_64                                    13/17 
  Verifying  : libgcc-4.8.2-16.el7.x86_64                                 14/17 
  Verifying  : 4:perl-libs-5.16.3-283.el7.x86_64                          15/17 
  Verifying  : gcc-4.8.2-16.el7.x86_64                                    16/17 
  Verifying  : bzip2-1.0.6-12.el7.x86_64                                  17/17 

Dependency Installed:
  perl-Time-HiRes.x86_64 4:1.9725-3.el7                                         

Updated:
  bzip2.x86_64 0:1.0.6-13.el7              gcc.x86_64 0:4.8.5-4.el7            
  perl.x86_64 4:5.16.3-286.el7            

Dependency Updated:
  bzip2-libs.x86_64 0:1.0.6-13.el7          cpp.x86_64 0:4.8.5-4.el7            
  libgcc.x86_64 0:4.8.5-4.el7               libgomp.x86_64 0:4.8.5-4.el7        
  perl-libs.x86_64 4:5.16.3-286.el7        

Complete!
Copy iso file /usr/share/virtualbox/VBoxGuestAdditions.iso into the box /tmp/VBoxGuestAdditions.iso
mount: /dev/loop0 is write-protected, mounting read-only
Installing Virtualbox Guest Additions 5.0.18 - guest version is 4.3.22
Verifying archive integrity... All good.
Uncompressing VirtualBox 5.0.18 Guest Additions for Linux............
VirtualBox Guest Additions installer
Removing installed version 4.3.22 of VirtualBox Guest Additions...
Copying additional installer modules ...
Installing additional modules ...
Removing existing VirtualBox non-DKMS kernel modules[  OK  ]
Building the VirtualBox Guest Additions kernel modules
Building the main Guest Additions module[  OK  ]
Building the shared folder support module[  OK  ]
Building the graphics driver module[  OK  ]
Doing non-kernel setup of the Guest Additions[  OK  ]
You should restart your guest to make sure the new modules are actually used

Restarting VM to apply changes...
==> app2: Attempting graceful shutdown of VM...
==> app2: Booting VM...
==> app2: Waiting for machine to boot. This may take a few minutes...
    app2: SSH address: 127.0.0.1:2200
    app2: SSH username: vagrant
    app2: SSH auth method: private key
==> app2: Machine booted and ready!
==> app2: Checking for guest additions in VM...
==> app2: [vagrant-hostsupdater] Checking for host entries
==> app2: [vagrant-hostsupdater] Writing the following entries to (/etc/hosts)
==> app2: [vagrant-hostsupdater]   192.168.100.102  app2.ev9.io  # VAGRANT: 7a837aa9cb0c79b53608028736dff8de (app2) / c409aa1f-c76e-4133-90d3-aca049f0b068
==> app2: [vagrant-hostsupdater] This operation requires administrative access. You may skip it by manually adding equivalent entries to the hosts file.
==> app2: Setting hostname...
==> app2: Configuring and enabling network interfaces...
==> app2: Mounting shared folders...
    app2: /opt/vagrant => /opt/data/projects/ansible_go_deploy
==> app2: Running provisioner: shell...
    app2: Running: /tmp/vagrant-shell20160421-5492-1jkuq7g.sh
==> app2: Running bootstrap
==> app2: Installing package dependencies
==> app2: warning: /var/tmp/rpm-tmp.FK2WJD: Header V3 RSA/SHA256 Signature, key ID 352c64e5: NOKEY
==> app2: Retrieving http://dl.fedoraproject.org/pub/epel/7/x86_64/e/epel-release-7-6.noarch.rpm
==> app2: Preparing...                          
==> app2: ########################################
==> app2: Updating / installing...
==> app2: epel-release-7-6                      #####
==> app2: ######
==> app2: #############################
==> app2: Loaded plugins: fastestmirror
==> app2: Loading mirror speeds from cached hostfile
==> app2:  * base: mirror.vorboss.net
==> app2:  * epel: mirror1.babylon.network
==> app2:  * extras: mirror.ox.ac.uk
==> app2:  * updates: mirror.vorboss.net
==> app2: Resolving Dependencies
==> app2: --> Running transaction check
==> app2: ---> Package python-devel.x86_64 0:2.7.5-34.el7 will be installed
==> app2: --> Processing Dependency: python(x86-64) = 2.7.5-34.el7 for package: python-devel-2.7.5-34.el7.x86_64
==> app2: ---> Package python-pip.noarch 0:7.1.0-1.el7 will be installed
==> app2: --> Running transaction check
==> app2: ---> Package python.x86_64 0:2.7.5-16.el7 will be updated
==> app2: ---> Package python.x86_64 0:2.7.5-34.el7 will be an update
==> app2: --> Processing Dependency: python-libs(x86-64) = 2.7.5-34.el7 for package: python-2.7.5-34.el7.x86_64
==> app2: --> Running transaction check
==> app2: ---> Package python-libs.x86_64 0:2.7.5-16.el7 will be updated
==> app2: ---> Package python-libs.x86_64 0:2.7.5-34.el7 will be an update
==> app2: --> Finished Dependency Resolution
==> app2: 
==> app2: Dependencies Resolved
==> app2: 
==> app2: ================================================================================
==> app2:  Package              Arch           Version                 Repository    Size
==> app2: ================================================================================
==> app2: Installing:
==> app2:  python-devel         x86_64         2.7.5-34.el7            base         391 k
==> app2:  python-pip           noarch         7.1.0-1.el7             epel         1.5 M
==> app2: Updating for dependencies:
==> app2:  python               x86_64         2.7.5-34.el7            base          88 k
==> app2:  python-libs          x86_64         2.7.5-34.el7            base         5.6 M
==> app2: 
==> app2: Transaction Summary
==> app2: ================================================================================
==> app2: Install  2 Packages
==> app2: Upgrade             ( 2 Dependent packages)
==> app2: 
==> app2: Total download size: 7.6 M
==> app2: Downloading packages:
==> app2: Delta RPMs disabled because /usr/bin/applydeltarpm not installed.
==> app2: Public key for python-pip-7.1.0-1.el7.noarch.rpm is not installed
==> app2: warning: /var/cache/yum/x86_64/7/epel/packages/python-pip-7.1.0-1.el7.noarch.rpm: Header V3 RSA/SHA256 Signature, key ID 352c64e5: NOKEY
==> app2: --------------------------------------------------------------------------------
==> app2: Total                                              5.5 MB/s | 7.6 MB  00:01     
==> app2: Retrieving key from file:///etc/pki/rpm-gpg/RPM-GPG-KEY-EPEL-7
==> app2: Importing GPG key 0x352C64E5:
==> app2:  Userid     : "Fedora EPEL (7) <epel@fedoraproject.org>"
==> app2:  Fingerprint: 91e9 7d7c 4a5e 96f1 7f3e 888f 6a2f aea2 352c 64e5
==> app2:  Package    : epel-release-7-6.noarch (installed)
==> app2:  From       : /etc/pki/rpm-gpg/RPM-GPG-KEY-EPEL-7
==> app2: Running transaction check
==> app2: Running transaction test
==> app2: Transaction test succeeded
==> app2: Running transaction
==> app2: Warning: RPMDB altered outside of yum.
==> app2:   Updating   : python-libs-2.7.5-34.el7.x86_64                              1/6
==> app2:  
==> app2:   Updating   : python-2.7.5-34.el7.x86_64                                   2/6
==> app2:  
==> app2:   Installing : python-devel-2.7.5-34.el7.x86_64                             3/6
==> app2:  
==> app2:   Installing : python-pip-7.1.0-1.el7.noarch                                4/6
==> app2:  
==> app2:   Cleanup    : python-2.7.5-16.el7.x86_64                                   5/6
==> app2:  
==> app2:   Cleanup    : python-libs-2.7.5-16.el7.x86_64                              6/6
==> app2:  
==> app2:   Verifying  : python-devel-2.7.5-34.el7.x86_64                             1/6
==> app2:  
==> app2:   Verifying  : python-2.7.5-34.el7.x86_64                                   2/6
==> app2:  
==> app2:   Verifying  : python-libs-2.7.5-34.el7.x86_64                              3/6
==> app2:  
==> app2:   Verifying  : python-pip-7.1.0-1.el7.noarch                                4/6
==> app2:  
==> app2:   Verifying  : python-2.7.5-16.el7.x86_64                                   5/6 
==> app2:   Verifying  : python-libs-2.7.5-16.el7.x86_64                              6/6
==> app2:  
==> app2: 
==> app2: Installed:
==> app2:   python-devel.x86_64 0:2.7.5-34.el7       python-pip.noarch 0:7.1.0-1.el7      
==> app2: 
==> app2: Dependency Updated:
==> app2:   python.x86_64 0:2.7.5-34.el7         python-libs.x86_64 0:2.7.5-34.el7        
==> app2: 
==> app2: Complete!
==> app2: You are using pip version 7.1.0, however version 8.1.1 is available.
==> app2: You should consider upgrading via the 'pip install --upgrade pip' command.
==> app2: Collecting ansible==1.9.2
==> app2:   Downloading ansible-1.9.2.tar.gz (927kB)
==> app2: Collecting paramiko (from ansible==1.9.2)
==> app2:   Downloading paramiko-1.16.0-py2.py3-none-any.whl (169kB)
==> app2: Collecting jinja2 (from ansible==1.9.2)
==> app2:   Downloading Jinja2-2.8-py2.py3-none-any.whl (263kB)
==> app2: Collecting PyYAML (from ansible==1.9.2)
==> app2:   Downloading PyYAML-3.11.zip (371kB)
==> app2: Requirement already satisfied (use --upgrade to upgrade): setuptools in /usr/lib/python2.7/site-packages (from ansible==1.9.2)
==> app2: Collecting pycrypto>=2.6 (from ansible==1.9.2)
==> app2:   Downloading pycrypto-2.6.1.tar.gz (446kB)
==> app2: Collecting ecdsa>=0.11 (from paramiko->ansible==1.9.2)
==> app2:   Downloading ecdsa-0.13-py2.py3-none-any.whl (86kB)
==> app2: Collecting MarkupSafe (from jinja2->ansible==1.9.2)
==> app2:   Downloading MarkupSafe-0.23.tar.gz
==> app2: Installing collected packages: ecdsa, pycrypto, paramiko, MarkupSafe, jinja2, PyYAML, ansible
==> app2:   Running setup.py install for pycrypto
==> app2:   Running setup.py install for MarkupSafe
==> app2:   Running setup.py install for PyYAML
==> app2:   Running setup.py install for ansible
==> app2: Successfully installed MarkupSafe-0.23 PyYAML-3.11 ansible-1.9.2 ecdsa-0.13 jinja2-2.8 paramiko-1.16.0 pycrypto-2.6.1
==> app2: Loaded plugins: fastestmirror
==> app2: Cleaning repos: base epel extras updates
==> app2: Cleaning up everything
==> app2: Cleaning up list of fastest mirrors
==> app2: Loaded plugins: fastestmirror
==> app2: Determining fastest mirrors
==> app2:  * base: mirror.vorboss.net
==> app2:  * epel: mirror1.babylon.network
==> app2:  * extras: mirrors.clouvider.net
==> app2:  * updates: mirror.vorboss.net
==> app2: Metadata Cache Created
==> app2: Running provisioner: ansible_local...
==> app2: Vagrant has detected a host range pattern in the `groups` option.
==> app2: Vagrant doesn't fully check the validity of these parameters!
==> app2: 
==> app2: Please check https://docs.ansible.com/ansible/intro_inventory.html#hosts-and-groups
==> app2: for more information.
    app2: Running ansible-playbook...
cd /opt/vagrant/ansible && PYTHONUNBUFFERED=1 ANSIBLE_NOCOLOR=true ansible-playbook --limit='app2' --inventory-file=/tmp/vagrant-ansible/inventory -v playbook.yaml

PLAY [lb] ********************************************************************* 
skipping: no hosts matched

PLAY [app] ******************************************************************** 

GATHERING FACTS *************************************************************** 
ok: [app2]

TASK: [common | configure resolv.conf] **************************************** 
changed: [app2] => (item={'key': 'dns', 'value': {'domain': 'ev9.io', 'search': 'ev9.io', 'resolver': ['4.2.2.1', '8.8.8.8']}}) => {"changed": true, "checksum": "220908f6f775e9bb589100053a7e7cbb467728fc", "dest": "/etc/resolv.conf", "gid": 0, "group": "root", "item": {"key": "dns", "value": {"domain": "ev9.io", "resolver": ["4.2.2.1", "8.8.8.8"], "search": "ev9.io"}}, "md5sum": "3208653f267a863c09b83353d530d8df", "mode": "0644", "owner": "root", "size": 67, "src": "/home/vagrant/.ansible/tmp/ansible-tmp-1461196817.28-108894735431832/source", "state": "file", "uid": 0}

TASK: [common | add epel repo] ************************************************ 
ok: [app2] => {"changed": false, "msg": "", "rc": 0, "results": ["http://dl.fedoraproject.org/pub/epel/7/x86_64/e/epel-release-7-6.noarch.rpm: Nothing to do"]}

TASK: [common | install required base packages] ******************************* 
changed: [app2] => (item=wget,curl,vim-enhanced,yum-utils,deltarpm,lsof) => {"changed": true, "item": "wget,curl,vim-enhanced,yum-utils,deltarpm,lsof", "msg": "", "rc": 0, "results": ["wget-1.14-10.el7.x86_64 providing wget is already installed", "curl-7.29.0-19.el7.x86_64 providing curl is already installed", "yum-utils-1.1.31-34.el7.noarch providing yum-utils is already installed", "Loaded plugins: fastestmirror\nLoading mirror speeds from cached hostfile\n * base: mirror.vorboss.net\n * epel: mirror1.babylon.network\n * extras: mirrors.clouvider.net\n * updates: mirror.vorboss.net\nResolving Dependencies\n--> Running transaction check\n---> Package deltarpm.x86_64 0:3.6-3.el7 will be installed\n---> Package lsof.x86_64 0:4.87-4.el7 will be installed\n---> Package vim-enhanced.x86_64 2:7.4.160-1.el7 will be installed\n--> Processing Dependency: vim-common = 2:7.4.160-1.el7 for package: 2:vim-enhanced-7.4.160-1.el7.x86_64\n--> Processing Dependency: libgpm.so.2()(64bit) for package: 2:vim-enhanced-7.4.160-1.el7.x86_64\n--> Running transaction check\n---> Package gpm-libs.x86_64 0:1.20.7-5.el7 will be installed\n---> Package vim-common.x86_64 2:7.4.160-1.el7 will be installed\n--> Processing Dependency: vim-filesystem for package: 2:vim-common-7.4.160-1.el7.x86_64\n--> Running transaction check\n---> Package vim-filesystem.x86_64 2:7.4.160-1.el7 will be installed\n--> Finished Dependency Resolution\n\nDependencies Resolved\n\n================================================================================\n Package               Arch          Version                  Repository   Size\n================================================================================\nInstalling:\n deltarpm              x86_64        3.6-3.el7                base         82 k\n lsof                  x86_64        4.87-4.el7               base        331 k\n vim-enhanced          x86_64        2:7.4.160-1.el7          base        1.0 M\nInstalling for dependencies:\n gpm-libs              x86_64        1.20.7-5.el7             base         32 k\n vim-common            x86_64        2:7.4.160-1.el7          base        5.9 M\n vim-filesystem        x86_64        2:7.4.160-1.el7          base        9.6 k\n\nTransaction Summary\n================================================================================\nInstall  3 Packages (+3 Dependent packages)\n\nTotal download size: 7.4 M\nInstalled size: 24 M\nDownloading packages:\n--------------------------------------------------------------------------------\nTotal                                              4.5 MB/s | 7.4 MB  00:01     \nRunning transaction check\nRunning transaction test\nTransaction test succeeded\nRunning transaction\n  Installing : gpm-libs-1.20.7-5.el7.x86_64                                 1/6 \n  Installing : 2:vim-filesystem-7.4.160-1.el7.x86_64                        2/6 \n  Installing : 2:vim-common-7.4.160-1.el7.x86_64                            3/6 \n  Installing : 2:vim-enhanced-7.4.160-1.el7.x86_64                          4/6 \n  Installing : deltarpm-3.6-3.el7.x86_64                                    5/6 \n  Installing : lsof-4.87-4.el7.x86_64                                       6/6 \n  Verifying  : 2:vim-common-7.4.160-1.el7.x86_64                            1/6 \n  Verifying  : 2:vim-filesystem-7.4.160-1.el7.x86_64                        2/6 \n  Verifying  : 2:vim-enhanced-7.4.160-1.el7.x86_64                          3/6 \n  Verifying  : lsof-4.87-4.el7.x86_64                                       4/6 \n  Verifying  : deltarpm-3.6-3.el7.x86_64                                    5/6 \n  Verifying  : gpm-libs-1.20.7-5.el7.x86_64                                 6/6 \n\nInstalled:\n  deltarpm.x86_64 0:3.6-3.el7                  lsof.x86_64 0:4.87-4.el7         \n  vim-enhanced.x86_64 2:7.4.160-1.el7         \n\nDependency Installed:\n  gpm-libs.x86_64 0:1.20.7-5.el7           vim-common.x86_64 2:7.4.160-1.el7   \n  vim-filesystem.x86_64 2:7.4.160-1.el7   \n\nComplete!\n"]}

TASK: [app | install golang] ************************************************** 
changed: [app2] => {"changed": true, "msg": "", "rc": 0, "results": ["Loaded plugins: fastestmirror\nLoading mirror speeds from cached hostfile\n * base: mirror.vorboss.net\n * epel: mirror1.babylon.network\n * extras: mirrors.clouvider.net\n * updates: mirror.vorboss.net\nResolving Dependencies\n--> Running transaction check\n---> Package golang.x86_64 0:1.4.2-9.el7 will be installed\n--> Processing Dependency: golang-src = 1.4.2-9.el7 for package: golang-1.4.2-9.el7.x86_64\n--> Processing Dependency: golang-bin for package: golang-1.4.2-9.el7.x86_64\n--> Running transaction check\n---> Package golang-pkg-bin-linux-amd64.x86_64 0:1.4.2-9.el7 will be installed\n--> Processing Dependency: golang-pkg-linux-amd64 = 1.4.2-9.el7 for package: golang-pkg-bin-linux-amd64-1.4.2-9.el7.x86_64\n--> Processing Dependency: golang-pkg-linux-amd64 = 1.4.2-9.el7 for package: golang-pkg-bin-linux-amd64-1.4.2-9.el7.x86_64\n---> Package golang-src.noarch 0:1.4.2-9.el7 will be installed\n--> Running transaction check\n---> Package golang-pkg-linux-amd64.noarch 0:1.4.2-9.el7 will be installed\n--> Finished Dependency Resolution\n\nDependencies Resolved\n\n================================================================================\n Package                         Arch        Version            Repository\n                                                                           Size\n================================================================================\nInstalling:\n golang                          x86_64      1.4.2-9.el7        base      3.0 M\nInstalling for dependencies:\n golang-pkg-bin-linux-amd64      x86_64      1.4.2-9.el7        base       14 M\n golang-pkg-linux-amd64          noarch      1.4.2-9.el7        base      7.2 M\n golang-src                      noarch      1.4.2-9.el7        base      5.8 M\n\nTransaction Summary\n================================================================================\nInstall  1 Package (+3 Dependent packages)\n\nTotal download size: 30 M\nInstalled size: 138 M\nDownloading packages:\n--------------------------------------------------------------------------------\nTotal                                              5.3 MB/s |  30 MB  00:05     \nRunning transaction check\nRunning transaction test\nTransaction test succeeded\nRunning transaction\n  Installing : golang-src-1.4.2-9.el7.noarch                                1/4 \n  Installing : golang-pkg-linux-amd64-1.4.2-9.el7.noarch                    2/4 \n  Installing : golang-1.4.2-9.el7.x86_64                                    3/4 \n  Installing : golang-pkg-bin-linux-amd64-1.4.2-9.el7.x86_64                4/4 \n  Verifying  : golang-pkg-bin-linux-amd64-1.4.2-9.el7.x86_64                1/4 \n  Verifying  : golang-pkg-linux-amd64-1.4.2-9.el7.noarch                    2/4 \n  Verifying  : golang-src-1.4.2-9.el7.noarch                                3/4 \n  Verifying  : golang-1.4.2-9.el7.x86_64                                    4/4 \n\nInstalled:\n  golang.x86_64 0:1.4.2-9.el7                                                   \n\nDependency Installed:\n  golang-pkg-bin-linux-amd64.x86_64 0:1.4.2-9.el7                               \n  golang-pkg-linux-amd64.noarch 0:1.4.2-9.el7                                   \n  golang-src.noarch 0:1.4.2-9.el7                                               \n\nComplete!\n"]}

TASK: [app | create app dir] ************************************************** 
changed: [app2] => {"changed": true, "gid": 0, "group": "root", "mode": "0755", "owner": "root", "path": "/opt/app", "size": 6, "state": "directory", "uid": 0}

TASK: [app | copy app code] *************************************************** 
changed: [app2] => {"changed": true, "checksum": "7ab196c14947464f74ae6005dcf7446d1226c307", "dest": "/opt/app/app.go", "gid": 0, "group": "root", "md5sum": "6c9abf24285707674056c9c4ad0f5026", "mode": "0750", "owner": "root", "size": 274, "src": "/home/vagrant/.ansible/tmp/ansible-tmp-1461196840.89-162889778099219/source", "state": "file", "uid": 0}

TASK: [app | compile the code] ************************************************ 
changed: [app2] => {"changed": true, "cmd": ["go", "build", "/opt/app/app.go"], "delta": "0:00:00.563999", "end": "2016-04-21 00:00:41.593961", "rc": 0, "start": "2016-04-21 00:00:41.029962", "stderr": "", "stdout": "", "warnings": []}

TASK: [app | create systemd file] ********************************************* 
changed: [app2] => {"changed": true, "checksum": "1aa35819f933365db91bc4fc2be5c07451a16d97", "dest": "/usr/lib/systemd/system/app.service", "gid": 0, "group": "root", "md5sum": "01b6e374546d53c2c32b1e7690ace769", "mode": "0755", "owner": "root", "size": 206, "src": "/home/vagrant/.ansible/tmp/ansible-tmp-1461196841.67-3888207234312/source", "state": "file", "uid": 0}

TASK: [app | reload systemd] ************************************************** 
changed: [app2] => {"changed": true, "cmd": ["systemctl", "daemon-reload"], "delta": "0:00:00.087685", "end": "2016-04-21 00:00:41.920285", "rc": 0, "start": "2016-04-21 00:00:41.832600", "stderr": "", "stdout": "", "warnings": []}

TASK: [app | start app] ******************************************************* 
changed: [app2] => {"changed": true, "enabled": true, "name": "app", "state": "started"}

TASK: [app | open firewall port 8484] ***************************************** 
changed: [app2] => (item=firewall-cmd --permanent --zone=public --add-port=8484/tcp) => {"changed": true, "cmd": ["firewall-cmd", "--permanent", "--zone=public", "--add-port=8484/tcp"], "delta": "0:00:00.184061", "end": "2016-04-21 00:00:42.364242", "item": "firewall-cmd --permanent --zone=public --add-port=8484/tcp", "rc": 0, "start": "2016-04-21 00:00:42.180181", "stderr": "", "stdout": "success", "warnings": []}
changed: [app2] => (item=firewall-cmd --reload) => {"changed": true, "cmd": ["firewall-cmd", "--reload"], "delta": "0:00:00.717090", "end": "2016-04-21 00:00:43.155163", "item": "firewall-cmd --reload", "rc": 0, "start": "2016-04-21 00:00:42.438073", "stderr": "", "stdout": "success", "warnings": []}

PLAY RECAP ******************************************************************** 
app2                       : ok=12   changed=10   unreachable=0    failed=0   

==> lb1: Importing base box 'puppetlabs/centos-7.0-64-nocm'...
[KProgress: 20%[KProgress: 30%[KProgress: 50%[KProgress: 70%[KProgress: 90%[K==> lb1: Matching MAC address for NAT networking...
==> lb1: Checking if box 'puppetlabs/centos-7.0-64-nocm' is up to date...
==> lb1: Setting the name of the VM: ansible_go_deploy_lb1_1461196859233_61611
==> lb1: Fixed port collision for 22 => 2222. Now on port 2201.
==> lb1: Clearing any previously set network interfaces...
==> lb1: Preparing network interfaces based on configuration...
    lb1: Adapter 1: nat
    lb1: Adapter 2: hostonly
==> lb1: Forwarding ports...
    lb1: 80 (guest) => 8080 (host) (adapter 1)
    lb1: 22 (guest) => 2201 (host) (adapter 1)
==> lb1: Running 'pre-boot' VM customizations...
==> lb1: Booting VM...
==> lb1: Waiting for machine to boot. This may take a few minutes...
    lb1: SSH address: 127.0.0.1:2201
    lb1: SSH username: vagrant
    lb1: SSH auth method: private key
    lb1: 
    lb1: Vagrant insecure key detected. Vagrant will automatically replace
    lb1: this with a newly generated keypair for better security.
    lb1: 
    lb1: Inserting generated public key within guest...
    lb1: Removing insecure key from the guest if it's present...
    lb1: Key inserted! Disconnecting and reconnecting using new SSH key...
==> lb1: Machine booted and ready!
GuestAdditions versions on your host (5.0.18) and guest (4.3.22) do not match.
Loaded plugins: fastestmirror
Determining fastest mirrors
 * base: mirror.vorboss.net
 * extras: centos.hyve.com
 * updates: mirror.vorboss.net
Package 1:make-3.82-21.el7.x86_64 already installed and latest version
Resolving Dependencies
--> Running transaction check
---> Package bzip2.x86_64 0:1.0.6-12.el7 will be updated
---> Package bzip2.x86_64 0:1.0.6-13.el7 will be an update
--> Processing Dependency: bzip2-libs = 1.0.6-13.el7 for package: bzip2-1.0.6-13.el7.x86_64
---> Package gcc.x86_64 0:4.8.2-16.el7 will be updated
---> Package gcc.x86_64 0:4.8.5-4.el7 will be an update
--> Processing Dependency: libgomp = 4.8.5-4.el7 for package: gcc-4.8.5-4.el7.x86_64
--> Processing Dependency: cpp = 4.8.5-4.el7 for package: gcc-4.8.5-4.el7.x86_64
--> Processing Dependency: libgcc >= 4.8.5-4.el7 for package: gcc-4.8.5-4.el7.x86_64
---> Package perl.x86_64 4:5.16.3-283.el7 will be updated
---> Package perl.x86_64 4:5.16.3-286.el7 will be an update
--> Processing Dependency: perl-libs = 4:5.16.3-286.el7 for package: 4:perl-5.16.3-286.el7.x86_64
--> Processing Dependency: perl(Time::HiRes) for package: 4:perl-5.16.3-286.el7.x86_64
--> Running transaction check
---> Package bzip2-libs.x86_64 0:1.0.6-12.el7 will be updated
---> Package bzip2-libs.x86_64 0:1.0.6-13.el7 will be an update
---> Package cpp.x86_64 0:4.8.2-16.el7 will be updated
---> Package cpp.x86_64 0:4.8.5-4.el7 will be an update
---> Package libgcc.x86_64 0:4.8.2-16.el7 will be updated
---> Package libgcc.x86_64 0:4.8.5-4.el7 will be an update
---> Package libgomp.x86_64 0:4.8.2-16.el7 will be updated
---> Package libgomp.x86_64 0:4.8.5-4.el7 will be an update
---> Package perl-Time-HiRes.x86_64 4:1.9725-3.el7 will be installed
---> Package perl-libs.x86_64 4:5.16.3-283.el7 will be updated
---> Package perl-libs.x86_64 4:5.16.3-286.el7 will be an update
--> Finished Dependency Resolution

Dependencies Resolved

================================================================================
 Package                Arch          Version                 Repository   Size
================================================================================
Updating:
 bzip2                  x86_64        1.0.6-13.el7            base         52 k
 gcc                    x86_64        4.8.5-4.el7             base         16 M
 perl                   x86_64        4:5.16.3-286.el7        base        8.0 M
Installing for dependencies:
 perl-Time-HiRes        x86_64        4:1.9725-3.el7          base         45 k
Updating for dependencies:
 bzip2-libs             x86_64        1.0.6-13.el7            base         40 k
 cpp                    x86_64        4.8.5-4.el7             base        5.9 M
 libgcc                 x86_64        4.8.5-4.el7             base         95 k
 libgomp                x86_64        4.8.5-4.el7             base        130 k
 perl-libs              x86_64        4:5.16.3-286.el7        base        687 k

Transaction Summary
================================================================================
Install             ( 1 Dependent package)
Upgrade  3 Packages (+5 Dependent packages)

Total download size: 31 M
Downloading packages:
Delta RPMs disabled because /usr/bin/applydeltarpm not installed.
Public key for bzip2-libs-1.0.6-13.el7.x86_64.rpm is not installed
warning: /var/cache/yum/x86_64/7/base/packages/bzip2-libs-1.0.6-13.el7.x86_64.rpm: Header V3 RSA/SHA256 Signature, key ID f4a80eb5: NOKEY
--------------------------------------------------------------------------------
Total                                              5.1 MB/s |  31 MB  00:06     
Retrieving key from file:///etc/pki/rpm-gpg/RPM-GPG-KEY-CentOS-7
Importing GPG key 0xF4A80EB5:
 Userid     : "CentOS-7 Key (CentOS 7 Official Signing Key) <security@centos.org>"
 Fingerprint: 6341 ab27 53d7 8a78 a7c2 7bb1 24c6 a8a7 f4a8 0eb5
 Package    : centos-release-7-0.1406.el7.centos.2.3.x86_64 (@anaconda)
 From       : /etc/pki/rpm-gpg/RPM-GPG-KEY-CentOS-7
Running transaction check
Running transaction test
Transaction test succeeded
Running transaction
  Installing : 4:perl-Time-HiRes-1.9725-3.el7.x86_64                       1/17 
  Updating   : 4:perl-libs-5.16.3-286.el7.x86_64                           2/17 
  Updating   : 4:perl-5.16.3-286.el7.x86_64                                3/17 
  Updating   : libgomp-4.8.5-4.el7.x86_64                                  4/17 
  Updating   : libgcc-4.8.5-4.el7.x86_64                                   5/17 
  Updating   : bzip2-libs-1.0.6-13.el7.x86_64                              6/17 
  Updating   : cpp-4.8.5-4.el7.x86_64                                      7/17 
  Updating   : gcc-4.8.5-4.el7.x86_64                                      8/17 
  Updating   : bzip2-1.0.6-13.el7.x86_64                                   9/17 
  Cleanup    : gcc-4.8.2-16.el7.x86_64                                    10/17 
  Cleanup    : 4:perl-libs-5.16.3-283.el7.x86_64                          11/17 
  Cleanup    : 4:perl-5.16.3-283.el7.x86_64                               12/17 
  Cleanup    : bzip2-1.0.6-12.el7.x86_64                                  13/17 
  Cleanup    : bzip2-libs-1.0.6-12.el7.x86_64                             14/17 
  Cleanup    : cpp-4.8.2-16.el7.x86_64                                    15/17 
  Cleanup    : libgcc-4.8.2-16.el7.x86_64                                 16/17 
  Cleanup    : libgomp-4.8.2-16.el7.x86_64                                17/17 
  Verifying  : gcc-4.8.5-4.el7.x86_64                                      1/17 
  Verifying  : bzip2-1.0.6-13.el7.x86_64                                   2/17 
  Verifying  : cpp-4.8.5-4.el7.x86_64                                      3/17 
  Verifying  : 4:perl-5.16.3-286.el7.x86_64                                4/17 
  Verifying  : bzip2-libs-1.0.6-13.el7.x86_64                              5/17 
  Verifying  : libgcc-4.8.5-4.el7.x86_64                                   6/17 
  Verifying  : 4:perl-Time-HiRes-1.9725-3.el7.x86_64                       7/17 
  Verifying  : libgomp-4.8.5-4.el7.x86_64                                  8/17 
  Verifying  : 4:perl-libs-5.16.3-286.el7.x86_64                           9/17 
  Verifying  : 4:perl-5.16.3-283.el7.x86_64                               10/17 
  Verifying  : bzip2-libs-1.0.6-12.el7.x86_64                             11/17 
  Verifying  : libgomp-4.8.2-16.el7.x86_64                                12/17 
  Verifying  : cpp-4.8.2-16.el7.x86_64                                    13/17 
  Verifying  : libgcc-4.8.2-16.el7.x86_64                                 14/17 
  Verifying  : 4:perl-libs-5.16.3-283.el7.x86_64                          15/17 
  Verifying  : gcc-4.8.2-16.el7.x86_64                                    16/17 
  Verifying  : bzip2-1.0.6-12.el7.x86_64                                  17/17 

Dependency Installed:
  perl-Time-HiRes.x86_64 4:1.9725-3.el7                                         

Updated:
  bzip2.x86_64 0:1.0.6-13.el7              gcc.x86_64 0:4.8.5-4.el7            
  perl.x86_64 4:5.16.3-286.el7            

Dependency Updated:
  bzip2-libs.x86_64 0:1.0.6-13.el7          cpp.x86_64 0:4.8.5-4.el7            
  libgcc.x86_64 0:4.8.5-4.el7               libgomp.x86_64 0:4.8.5-4.el7        
  perl-libs.x86_64 4:5.16.3-286.el7        

Complete!
Copy iso file /usr/share/virtualbox/VBoxGuestAdditions.iso into the box /tmp/VBoxGuestAdditions.iso
mount: /dev/loop0 is write-protected, mounting read-only
Installing Virtualbox Guest Additions 5.0.18 - guest version is 4.3.22
Verifying archive integrity... All good.
Uncompressing VirtualBox 5.0.18 Guest Additions for Linux............
VirtualBox Guest Additions installer
Removing installed version 4.3.22 of VirtualBox Guest Additions...
Copying additional installer modules ...
Installing additional modules ...
Removing existing VirtualBox non-DKMS kernel modules[  OK  ]
Building the VirtualBox Guest Additions kernel modules
Building the main Guest Additions module[  OK  ]
Building the shared folder support module[  OK  ]
Building the graphics driver module[  OK  ]
Doing non-kernel setup of the Guest Additions[  OK  ]
You should restart your guest to make sure the new modules are actually used

Restarting VM to apply changes...
==> lb1: Attempting graceful shutdown of VM...
==> lb1: Booting VM...
==> lb1: Waiting for machine to boot. This may take a few minutes...
    lb1: SSH address: 127.0.0.1:2201
    lb1: SSH username: vagrant
    lb1: SSH auth method: private key
==> lb1: Machine booted and ready!
==> lb1: Checking for guest additions in VM...
==> lb1: [vagrant-hostsupdater] Checking for host entries
==> lb1: [vagrant-hostsupdater] Writing the following entries to (/etc/hosts)
==> lb1: [vagrant-hostsupdater]   192.168.100.10  lb1.ev9.io  # VAGRANT: a536ed5533414085670c149cc0c1e6cd (lb1) / 84c3c4c3-1957-4df0-94ba-7328943d7c8a
==> lb1: [vagrant-hostsupdater] This operation requires administrative access. You may skip it by manually adding equivalent entries to the hosts file.
==> lb1: Setting hostname...
==> lb1: Configuring and enabling network interfaces...
==> lb1: Mounting shared folders...
    lb1: /opt/vagrant => /opt/data/projects/ansible_go_deploy
==> lb1: Running provisioner: shell...
    lb1: Running: /tmp/vagrant-shell20160421-5492-z7656u.sh
==> lb1: Running bootstrap
==> lb1: Installing package dependencies
==> lb1: warning: /var/tmp/rpm-tmp.Xqx2qF: Header V3 RSA/SHA256 Signature, key ID 352c64e5: NOKEY
==> lb1: Retrieving http://dl.fedoraproject.org/pub/epel/7/x86_64/e/epel-release-7-6.noarch.rpm
==> lb1: Preparing...                          
==> lb1: ########################################
==> lb1: Updating / installing...
==> lb1: epel-release-7-6                      #####
==> lb1: ###################################
==> lb1: Loaded plugins: fastestmirror
==> lb1: Loading mirror speeds from cached hostfile
==> lb1:  * base: mirror.vorboss.net
==> lb1:  * epel: epel.check-update.co.uk
==> lb1:  * extras: centos.hyve.com
==> lb1:  * updates: mirror.vorboss.net
==> lb1: Resolving Dependencies
==> lb1: --> Running transaction check
==> lb1: ---> Package python-devel.x86_64 0:2.7.5-34.el7 will be installed
==> lb1: --> Processing Dependency: python(x86-64) = 2.7.5-34.el7 for package: python-devel-2.7.5-34.el7.x86_64
==> lb1: ---> Package python-pip.noarch 0:7.1.0-1.el7 will be installed
==> lb1: --> Running transaction check
==> lb1: ---> Package python.x86_64 0:2.7.5-16.el7 will be updated
==> lb1: ---> Package python.x86_64 0:2.7.5-34.el7 will be an update
==> lb1: --> Processing Dependency: python-libs(x86-64) = 2.7.5-34.el7 for package: python-2.7.5-34.el7.x86_64
==> lb1: --> Running transaction check
==> lb1: ---> Package python-libs.x86_64 0:2.7.5-16.el7 will be updated
==> lb1: ---> Package python-libs.x86_64 0:2.7.5-34.el7 will be an update
==> lb1: --> Finished Dependency Resolution
==> lb1: 
==> lb1: Dependencies Resolved
==> lb1: 
==> lb1: ================================================================================
==> lb1:  Package              Arch           Version                 Repository    Size
==> lb1: ================================================================================
==> lb1: Installing:
==> lb1:  python-devel         x86_64         2.7.5-34.el7            base         391 k
==> lb1:  python-pip           noarch         7.1.0-1.el7             epel         1.5 M
==> lb1: Updating for dependencies:
==> lb1:  python               x86_64         2.7.5-34.el7            base          88 k
==> lb1:  python-libs          x86_64         2.7.5-34.el7            base         5.6 M
==> lb1: 
==> lb1: Transaction Summary
==> lb1: ================================================================================
==> lb1: Install  2 Packages
==> lb1: Upgrade             ( 2 Dependent packages)
==> lb1: 
==> lb1: Total download size: 7.6 M
==> lb1: Downloading packages:
==> lb1: Delta RPMs disabled because /usr/bin/applydeltarpm not installed.
==> lb1: Public key for python-pip-7.1.0-1.el7.noarch.rpm is not installed
==> lb1: warning: /var/cache/yum/x86_64/7/epel/packages/python-pip-7.1.0-1.el7.noarch.rpm: Header V3 RSA/SHA256 Signature, key ID 352c64e5: NOKEY
==> lb1: --------------------------------------------------------------------------------
==> lb1: Total                                              2.6 MB/s | 7.6 MB  00:02     
==> lb1: Retrieving key from file:///etc/pki/rpm-gpg/RPM-GPG-KEY-EPEL-7
==> lb1: Importing GPG key 0x352C64E5:
==> lb1:  Userid     : "Fedora EPEL (7) <epel@fedoraproject.org>"
==> lb1:  Fingerprint: 91e9 7d7c 4a5e 96f1 7f3e 888f 6a2f aea2 352c 64e5
==> lb1:  Package    : epel-release-7-6.noarch (installed)
==> lb1:  From       : /etc/pki/rpm-gpg/RPM-GPG-KEY-EPEL-7
==> lb1: Running transaction check
==> lb1: Running transaction test
==> lb1: Transaction test succeeded
==> lb1: Running transaction
==> lb1: Warning: RPMDB altered outside of yum.
==> lb1:   Updating   : python-libs-2.7.5-34.el7.x86_64                              1/6
==> lb1:  
==> lb1:   Updating   : python-2.7.5-34.el7.x86_64                                   2/6
==> lb1:  
==> lb1:   Installing : python-devel-2.7.5-34.el7.x86_64                             3/6
==> lb1:  
==> lb1:   Installing : python-pip-7.1.0-1.el7.noarch                                4/6
==> lb1:  
==> lb1:   Cleanup    : python-2.7.5-16.el7.x86_64                                   5/6
==> lb1:  
==> lb1:   Cleanup    : python-libs-2.7.5-16.el7.x86_64                              6/6
==> lb1:  
==> lb1:   Verifying  : python-devel-2.7.5-34.el7.x86_64                             1/6
==> lb1:  
==> lb1:   Verifying  : python-2.7.5-34.el7.x86_64                                   2/6
==> lb1:  
==> lb1:   Verifying  : python-libs-2.7.5-34.el7.x86_64                              3/6
==> lb1:  
==> lb1:   Verifying  : python-pip-7.1.0-1.el7.noarch                                4/6
==> lb1:  
==> lb1:   Verifying  : python-2.7.5-16.el7.x86_64                                   5/6 
==> lb1:   Verifying  : python-libs-2.7.5-16.el7.x86_64                              6/6
==> lb1:  
==> lb1: 
==> lb1: Installed:
==> lb1:   python-devel.x86_64 0:2.7.5-34.el7       python-pip.noarch 0:7.1.0-1.el7      
==> lb1: 
==> lb1: Dependency Updated:
==> lb1:   python.x86_64 0:2.7.5-34.el7         python-libs.x86_64 0:2.7.5-34.el7        
==> lb1: 
==> lb1: Complete!
==> lb1: You are using pip version 7.1.0, however version 8.1.1 is available.
==> lb1: You should consider upgrading via the 'pip install --upgrade pip' command.
==> lb1: Collecting ansible==1.9.2
==> lb1:   Downloading ansible-1.9.2.tar.gz (927kB)
==> lb1: Collecting paramiko (from ansible==1.9.2)
==> lb1:   Downloading paramiko-1.16.0-py2.py3-none-any.whl (169kB)
==> lb1: Collecting jinja2 (from ansible==1.9.2)
==> lb1:   Downloading Jinja2-2.8-py2.py3-none-any.whl (263kB)
==> lb1: Collecting PyYAML (from ansible==1.9.2)
==> lb1:   Downloading PyYAML-3.11.zip (371kB)
==> lb1: Requirement already satisfied (use --upgrade to upgrade): setuptools in /usr/lib/python2.7/site-packages (from ansible==1.9.2)
==> lb1: Collecting pycrypto>=2.6 (from ansible==1.9.2)
==> lb1:   Downloading pycrypto-2.6.1.tar.gz (446kB)
==> lb1: Collecting ecdsa>=0.11 (from paramiko->ansible==1.9.2)
==> lb1:   Downloading ecdsa-0.13-py2.py3-none-any.whl (86kB)
==> lb1: Collecting MarkupSafe (from jinja2->ansible==1.9.2)
==> lb1:   Downloading MarkupSafe-0.23.tar.gz
==> lb1: Installing collected packages: ecdsa, pycrypto, paramiko, MarkupSafe, jinja2, PyYAML, ansible
==> lb1:   Running setup.py install for pycrypto
==> lb1:   Running setup.py install for MarkupSafe
==> lb1:   Running setup.py install for PyYAML
==> lb1:   Running setup.py install for ansible
==> lb1: Successfully installed MarkupSafe-0.23 PyYAML-3.11 ansible-1.9.2 ecdsa-0.13 jinja2-2.8 paramiko-1.16.0 pycrypto-2.6.1
==> lb1: Loaded plugins: fastestmirror
==> lb1: Cleaning repos: base epel extras updates
==> lb1: Cleaning up everything
==> lb1: Cleaning up list of fastest mirrors
==> lb1: Loaded plugins: fastestmirror
==> lb1: Determining fastest mirrors
==> lb1:  * base: mirrors.clouvider.net
==> lb1:  * epel: mirror1.babylon.network
==> lb1:  * extras: centos.serverspace.co.uk
==> lb1:  * updates: centos.serverspace.co.uk
==> lb1: Metadata Cache Created
==> lb1: Running provisioner: ansible_local...
==> lb1: Vagrant has detected a host range pattern in the `groups` option.
==> lb1: Vagrant doesn't fully check the validity of these parameters!
==> lb1: 
==> lb1: Please check https://docs.ansible.com/ansible/intro_inventory.html#hosts-and-groups
==> lb1: for more information.
    lb1: Running ansible-playbook...
cd /opt/vagrant/ansible && PYTHONUNBUFFERED=1 ANSIBLE_NOCOLOR=true ansible-playbook --limit='lb1' --inventory-file=/tmp/vagrant-ansible/inventory -v playbook.yaml

PLAY [lb] ********************************************************************* 

GATHERING FACTS *************************************************************** 
ok: [lb1]

TASK: [common | configure resolv.conf] **************************************** 
changed: [lb1] => (item={'key': 'dns', 'value': {'domain': 'ev9.io', 'search': 'ev9.io', 'resolver': ['4.2.2.1', '8.8.8.8']}}) => {"changed": true, "checksum": "220908f6f775e9bb589100053a7e7cbb467728fc", "dest": "/etc/resolv.conf", "gid": 0, "group": "root", "item": {"key": "dns", "value": {"domain": "ev9.io", "resolver": ["4.2.2.1", "8.8.8.8"], "search": "ev9.io"}}, "md5sum": "3208653f267a863c09b83353d530d8df", "mode": "0644", "owner": "root", "size": 67, "src": "/home/vagrant/.ansible/tmp/ansible-tmp-1461197088.69-252379439303078/source", "state": "file", "uid": 0}

TASK: [common | add epel repo] ************************************************ 
ok: [lb1] => {"changed": false, "msg": "", "rc": 0, "results": ["http://dl.fedoraproject.org/pub/epel/7/x86_64/e/epel-release-7-6.noarch.rpm: Nothing to do"]}

TASK: [common | install required base packages] ******************************* 
changed: [lb1] => (item=wget,curl,vim-enhanced,yum-utils,deltarpm,lsof) => {"changed": true, "item": "wget,curl,vim-enhanced,yum-utils,deltarpm,lsof", "msg": "", "rc": 0, "results": ["wget-1.14-10.el7.x86_64 providing wget is already installed", "curl-7.29.0-19.el7.x86_64 providing curl is already installed", "yum-utils-1.1.31-34.el7.noarch providing yum-utils is already installed", "Loaded plugins: fastestmirror\nLoading mirror speeds from cached hostfile\n * base: mirrors.clouvider.net\n * epel: mirror1.babylon.network\n * extras: centos.serverspace.co.uk\n * updates: centos.serverspace.co.uk\nResolving Dependencies\n--> Running transaction check\n---> Package deltarpm.x86_64 0:3.6-3.el7 will be installed\n---> Package lsof.x86_64 0:4.87-4.el7 will be installed\n---> Package vim-enhanced.x86_64 2:7.4.160-1.el7 will be installed\n--> Processing Dependency: vim-common = 2:7.4.160-1.el7 for package: 2:vim-enhanced-7.4.160-1.el7.x86_64\n--> Processing Dependency: libgpm.so.2()(64bit) for package: 2:vim-enhanced-7.4.160-1.el7.x86_64\n--> Running transaction check\n---> Package gpm-libs.x86_64 0:1.20.7-5.el7 will be installed\n---> Package vim-common.x86_64 2:7.4.160-1.el7 will be installed\n--> Processing Dependency: vim-filesystem for package: 2:vim-common-7.4.160-1.el7.x86_64\n--> Running transaction check\n---> Package vim-filesystem.x86_64 2:7.4.160-1.el7 will be installed\n--> Finished Dependency Resolution\n\nDependencies Resolved\n\n================================================================================\n Package               Arch          Version                  Repository   Size\n================================================================================\nInstalling:\n deltarpm              x86_64        3.6-3.el7                base         82 k\n lsof                  x86_64        4.87-4.el7               base        331 k\n vim-enhanced          x86_64        2:7.4.160-1.el7          base        1.0 M\nInstalling for dependencies:\n gpm-libs              x86_64        1.20.7-5.el7             base         32 k\n vim-common            x86_64        2:7.4.160-1.el7          base        5.9 M\n vim-filesystem        x86_64        2:7.4.160-1.el7          base        9.6 k\n\nTransaction Summary\n================================================================================\nInstall  3 Packages (+3 Dependent packages)\n\nTotal download size: 7.4 M\nInstalled size: 24 M\nDownloading packages:\n--------------------------------------------------------------------------------\nTotal                                              2.2 MB/s | 7.4 MB  00:03     \nRunning transaction check\nRunning transaction test\nTransaction test succeeded\nRunning transaction\n  Installing : gpm-libs-1.20.7-5.el7.x86_64                                 1/6 \n  Installing : 2:vim-filesystem-7.4.160-1.el7.x86_64                        2/6 \n  Installing : 2:vim-common-7.4.160-1.el7.x86_64                            3/6 \n  Installing : 2:vim-enhanced-7.4.160-1.el7.x86_64                          4/6 \n  Installing : deltarpm-3.6-3.el7.x86_64                                    5/6 \n  Installing : lsof-4.87-4.el7.x86_64                                       6/6 \n  Verifying  : 2:vim-common-7.4.160-1.el7.x86_64                            1/6 \n  Verifying  : 2:vim-filesystem-7.4.160-1.el7.x86_64                        2/6 \n  Verifying  : 2:vim-enhanced-7.4.160-1.el7.x86_64                          3/6 \n  Verifying  : lsof-4.87-4.el7.x86_64                                       4/6 \n  Verifying  : deltarpm-3.6-3.el7.x86_64                                    5/6 \n  Verifying  : gpm-libs-1.20.7-5.el7.x86_64                                 6/6 \n\nInstalled:\n  deltarpm.x86_64 0:3.6-3.el7                  lsof.x86_64 0:4.87-4.el7         \n  vim-enhanced.x86_64 2:7.4.160-1.el7         \n\nDependency Installed:\n  gpm-libs.x86_64 0:1.20.7-5.el7           vim-common.x86_64 2:7.4.160-1.el7   \n  vim-filesystem.x86_64 2:7.4.160-1.el7   \n\nComplete!\n"]}

TASK: [lb | install nginx] **************************************************** 
changed: [lb1] => {"changed": true, "msg": "", "rc": 0, "results": ["Loaded plugins: fastestmirror\nLoading mirror speeds from cached hostfile\n * base: mirrors.clouvider.net\n * epel: mirror1.babylon.network\n * extras: centos.serverspace.co.uk\n * updates: centos.serverspace.co.uk\nResolving Dependencies\n--> Running transaction check\n---> Package nginx.x86_64 1:1.6.3-8.el7 will be installed\n--> Processing Dependency: nginx-filesystem = 1:1.6.3-8.el7 for package: 1:nginx-1.6.3-8.el7.x86_64\n--> Processing Dependency: nginx-filesystem for package: 1:nginx-1.6.3-8.el7.x86_64\n--> Processing Dependency: libxslt.so.1(LIBXML2_1.0.18)(64bit) for package: 1:nginx-1.6.3-8.el7.x86_64\n--> Processing Dependency: libxslt.so.1(LIBXML2_1.0.11)(64bit) for package: 1:nginx-1.6.3-8.el7.x86_64\n--> Processing Dependency: gd for package: 1:nginx-1.6.3-8.el7.x86_64\n--> Processing Dependency: GeoIP for package: 1:nginx-1.6.3-8.el7.x86_64\n--> Processing Dependency: libxslt.so.1()(64bit) for package: 1:nginx-1.6.3-8.el7.x86_64\n--> Processing Dependency: libprofiler.so.0()(64bit) for package: 1:nginx-1.6.3-8.el7.x86_64\n--> Processing Dependency: libgd.so.2()(64bit) for package: 1:nginx-1.6.3-8.el7.x86_64\n--> Processing Dependency: libexslt.so.0()(64bit) for package: 1:nginx-1.6.3-8.el7.x86_64\n--> Processing Dependency: libGeoIP.so.1()(64bit) for package: 1:nginx-1.6.3-8.el7.x86_64\n--> Running transaction check\n---> Package GeoIP.x86_64 0:1.5.0-9.el7 will be installed\n---> Package gd.x86_64 0:2.0.35-26.el7 will be installed\n--> Processing Dependency: libpng15.so.15(PNG15_0)(64bit) for package: gd-2.0.35-26.el7.x86_64\n--> Processing Dependency: libjpeg.so.62(LIBJPEG_6.2)(64bit) for package: gd-2.0.35-26.el7.x86_64\n--> Processing Dependency: libpng15.so.15()(64bit) for package: gd-2.0.35-26.el7.x86_64\n--> Processing Dependency: libjpeg.so.62()(64bit) for package: gd-2.0.35-26.el7.x86_64\n--> Processing Dependency: libfontconfig.so.1()(64bit) for package: gd-2.0.35-26.el7.x86_64\n--> Processing Dependency: libXpm.so.4()(64bit) for package: gd-2.0.35-26.el7.x86_64\n--> Processing Dependency: libX11.so.6()(64bit) for package: gd-2.0.35-26.el7.x86_64\n---> Package gperftools-libs.x86_64 0:2.4-7.el7 will be installed\n--> Processing Dependency: libunwind.so.8()(64bit) for package: gperftools-libs-2.4-7.el7.x86_64\n---> Package libxslt.x86_64 0:1.1.28-5.el7 will be installed\n---> Package nginx-filesystem.noarch 1:1.6.3-8.el7 will be installed\n--> Running transaction check\n---> Package fontconfig.x86_64 0:2.10.95-7.el7 will be installed\n--> Processing Dependency: fontpackages-filesystem for package: fontconfig-2.10.95-7.el7.x86_64\n---> Package libX11.x86_64 0:1.6.3-2.el7 will be installed\n--> Processing Dependency: libX11-common >= 1.6.3-2.el7 for package: libX11-1.6.3-2.el7.x86_64\n--> Processing Dependency: libxcb.so.1()(64bit) for package: libX11-1.6.3-2.el7.x86_64\n---> Package libXpm.x86_64 0:3.5.11-3.el7 will be installed\n---> Package libjpeg-turbo.x86_64 0:1.2.90-5.el7 will be installed\n---> Package libpng.x86_64 2:1.5.13-7.el7_2 will be installed\n---> Package libunwind.x86_64 2:1.1-5.el7_2.2 will be installed\n--> Running transaction check\n---> Package fontpackages-filesystem.noarch 0:1.44-8.el7 will be installed\n---> Package libX11-common.noarch 0:1.6.3-2.el7 will be installed\n---> Package libxcb.x86_64 0:1.11-4.el7 will be installed\n--> Processing Dependency: libXau.so.6()(64bit) for package: libxcb-1.11-4.el7.x86_64\n--> Running transaction check\n---> Package libXau.x86_64 0:1.0.8-2.1.el7 will be installed\n--> Finished Dependency Resolution\n\nDependencies Resolved\n\n================================================================================\n Package                     Arch       Version               Repository   Size\n================================================================================\nInstalling:\n nginx                       x86_64     1:1.6.3-8.el7         epel        508 k\nInstalling for dependencies:\n GeoIP                       x86_64     1.5.0-9.el7           base        709 k\n fontconfig                  x86_64     2.10.95-7.el7         base        228 k\n fontpackages-filesystem     noarch     1.44-8.el7            base        9.9 k\n gd                          x86_64     2.0.35-26.el7         base        146 k\n gperftools-libs             x86_64     2.4-7.el7             base        272 k\n libX11                      x86_64     1.6.3-2.el7           base        605 k\n libX11-common               noarch     1.6.3-2.el7           base        162 k\n libXau                      x86_64     1.0.8-2.1.el7         base         29 k\n libXpm                      x86_64     3.5.11-3.el7          base         54 k\n libjpeg-turbo               x86_64     1.2.90-5.el7          base        134 k\n libpng                      x86_64     2:1.5.13-7.el7_2      updates     213 k\n libunwind                   x86_64     2:1.1-5.el7_2.2       updates      56 k\n libxcb                      x86_64     1.11-4.el7            base        189 k\n libxslt                     x86_64     1.1.28-5.el7          base        242 k\n nginx-filesystem            noarch     1:1.6.3-8.el7         epel         15 k\n\nTransaction Summary\n================================================================================\nInstall  1 Package (+15 Dependent packages)\n\nTotal download size: 3.5 M\nInstalled size: 11 M\nDownloading packages:\n--------------------------------------------------------------------------------\nTotal                                              1.1 MB/s | 3.5 MB  00:03     \nRunning transaction check\nRunning transaction test\nTransaction test succeeded\nRunning transaction\n  Installing : fontpackages-filesystem-1.44-8.el7.noarch                   1/16 \n  Installing : fontconfig-2.10.95-7.el7.x86_64                             2/16 \n  Installing : 2:libpng-1.5.13-7.el7_2.x86_64                              3/16 \n  Installing : 2:libunwind-1.1-5.el7_2.2.x86_64                            4/16 \n  Installing : gperftools-libs-2.4-7.el7.x86_64                            5/16 \n  Installing : 1:nginx-filesystem-1.6.3-8.el7.noarch                       6/16 \n  Installing : libxslt-1.1.28-5.el7.x86_64                                 7/16 \n  Installing : libXau-1.0.8-2.1.el7.x86_64                                 8/16 \n  Installing : libxcb-1.11-4.el7.x86_64                                    9/16 \n  Installing : libjpeg-turbo-1.2.90-5.el7.x86_64                          10/16 \n  Installing : GeoIP-1.5.0-9.el7.x86_64                                   11/16 \n  Installing : libX11-common-1.6.3-2.el7.noarch                           12/16 \n  Installing : libX11-1.6.3-2.el7.x86_64                                  13/16 \n  Installing : libXpm-3.5.11-3.el7.x86_64                                 14/16 \n  Installing : gd-2.0.35-26.el7.x86_64                                    15/16 \n  Installing : 1:nginx-1.6.3-8.el7.x86_64                                 16/16 \n  Verifying  : libX11-common-1.6.3-2.el7.noarch                            1/16 \n  Verifying  : GeoIP-1.5.0-9.el7.x86_64                                    2/16 \n  Verifying  : libjpeg-turbo-1.2.90-5.el7.x86_64                           3/16 \n  Verifying  : libXau-1.0.8-2.1.el7.x86_64                                 4/16 \n  Verifying  : libxslt-1.1.28-5.el7.x86_64                                 5/16 \n  Verifying  : libXpm-3.5.11-3.el7.x86_64                                  6/16 \n  Verifying  : fontconfig-2.10.95-7.el7.x86_64                             7/16 \n  Verifying  : 1:nginx-1.6.3-8.el7.x86_64                                  8/16 \n  Verifying  : 1:nginx-filesystem-1.6.3-8.el7.noarch                       9/16 \n  Verifying  : gd-2.0.35-26.el7.x86_64                                    10/16 \n  Verifying  : 2:libunwind-1.1-5.el7_2.2.x86_64                           11/16 \n  Verifying  : 2:libpng-1.5.13-7.el7_2.x86_64                             12/16 \n  Verifying  : gperftools-libs-2.4-7.el7.x86_64                           13/16 \n  Verifying  : fontpackages-filesystem-1.44-8.el7.noarch                  14/16 \n  Verifying  : libX11-1.6.3-2.el7.x86_64                                  15/16 \n  Verifying  : libxcb-1.11-4.el7.x86_64                                   16/16 \n\nInstalled:\n  nginx.x86_64 1:1.6.3-8.el7                                                    \n\nDependency Installed:\n  GeoIP.x86_64 0:1.5.0-9.el7                                                    \n  fontconfig.x86_64 0:2.10.95-7.el7                                             \n  fontpackages-filesystem.noarch 0:1.44-8.el7                                   \n  gd.x86_64 0:2.0.35-26.el7                                                     \n  gperftools-libs.x86_64 0:2.4-7.el7                                            \n  libX11.x86_64 0:1.6.3-2.el7                                                   \n  libX11-common.noarch 0:1.6.3-2.el7                                            \n  libXau.x86_64 0:1.0.8-2.1.el7                                                 \n  libXpm.x86_64 0:3.5.11-3.el7                                                  \n  libjpeg-turbo.x86_64 0:1.2.90-5.el7                                           \n  libpng.x86_64 2:1.5.13-7.el7_2                                                \n  libunwind.x86_64 2:1.1-5.el7_2.2                                              \n  libxcb.x86_64 0:1.11-4.el7                                                    \n  libxslt.x86_64 0:1.1.28-5.el7                                                 \n  nginx-filesystem.noarch 1:1.6.3-8.el7                                         \n\nComplete!\n"]}

TASK: [lb | configure nginx] ************************************************** 
changed: [lb1] => (item={'key': 'appservers', 'value': {'app_port': '8484', 'servers': ['192.168.100.101', '192.168.100.102']}}) => {"changed": true, "checksum": "d70fc3bd505023f73d8e111c50dd81c6cc479d9c", "dest": "/etc/nginx/nginx.conf", "gid": 0, "group": "root", "item": {"key": "appservers", "value": {"app_port": "8484", "servers": ["192.168.100.101", "192.168.100.102"]}}, "md5sum": "2fd7ab17157931cf10575e07d23eb522", "mode": "0644", "owner": "root", "size": 279, "src": "/home/vagrant/.ansible/tmp/ansible-tmp-1461197112.85-110180188871600/source", "state": "file", "uid": 0}

TASK: [lb | start nginx] ****************************************************** 
changed: [lb1] => {"changed": true, "name": "nginx", "state": "started"}

TASK: [lb | open firewall port 80] ******************************************** 
changed: [lb1] => (item=firewall-cmd --permanent --zone=public --add-port=80/tcp) => {"changed": true, "cmd": ["firewall-cmd", "--permanent", "--zone=public", "--add-port=80/tcp"], "delta": "0:00:00.239512", "end": "2016-04-21 00:05:13.547393", "item": "firewall-cmd --permanent --zone=public --add-port=80/tcp", "rc": 0, "start": "2016-04-21 00:05:13.307881", "stderr": "", "stdout": "success", "warnings": []}
changed: [lb1] => (item=firewall-cmd --reload) => {"changed": true, "cmd": ["firewall-cmd", "--reload"], "delta": "0:00:00.761001", "end": "2016-04-21 00:05:14.384235", "item": "firewall-cmd --reload", "rc": 0, "start": "2016-04-21 00:05:13.623234", "stderr": "", "stdout": "success", "warnings": []}

PLAY [app] ******************************************************************** 
skipping: no hosts matched

PLAY RECAP ******************************************************************** 
lb1                        : ok=8    changed=6    unreachable=0    failed=0   

